[hypixel.net/index.html]
[hypixel.net/cdn-cgi/apps/head/rsjQeg9CKMkfLDB8kU7GG-F1JRE.js]
[hypixel.net/favicon-32x32.png]
[hypixel.net/favicon-16x16.png]
[backblue.gif]
[fade.gif]
[index.html]
[hypixel.net/styles/fonts/fa/fa-regular-400fcba.woff2]
[hypixel.net/styles/fonts/fa/fa-solid-900fcba.woff2]
[hypixel.net/styles/fonts/fa/fa-brands-400fcba.woff2]
[hypixel.net/cssae43.css]
[hypixel.net/index4658.html]
[hypixel.net/css452c.css]
[hypixel.net/js/xf/preamble.min80af.js]
[hypixel.net/styles/hypixel-v2/images/header-logo.png]
[hypixel.net/login/index.html]
[hypixel.net/play/#games]
[hypixel.net/players.html]
[hypixel.net/rules.html]
[hypixel.net/register/index.html]
[hypixel.net/terms.html]
[hypixel.net/privacy.html]
[hypixel.net/play/index.html]
[staticassets.hypixel.net/news/3fc413f6-726a-4a1d-bc3b-6b6365a4ef28.mcv16v4.png]
[hypixel.net/proxyac34.json]
[hypixel.net/forums/index.html]
[hypixel.net/proxy1549.json]
[hypixel.net/styles/hypixel-v2/images/footer/blue-avatar.png]
[hypixel.net/-/index.rss]
[hypixel.net/whats-new/index.html]
[ajax.googleapis.com/ajax/libs/jquery/3.5.1/jquery.min.js]
[hypixel.net/js/vendor/jquery/jquery-3.5.1.min80af.js]
[hypixel.net/js/vendor/vendor-compiled80af.js]
[hypixel.net/js/xf/core-compiled80af.js]
[hypixel.net/js/vue/vue.min80af.js]
[hypixel.net/js/simpleslider/simpleslider.min80af.js]
[hypixel.net/js/hypixel/news/featured-items80af.js]
[hypixel.net/js/xf/lightbox-compiled80af.js]
[hypixel.net/index9ba9.html]
[hypixel.net/js/xf/notice.min80af.js]
[cdn.jsdelivr.net/npm/clipboard@2/dist/clipboard.min.js]
[hypixel.net/index4808.html]
[hypixel.net/index.html]
[hypixel.net/js/hypixel/core/playNow.js]
[hypixel.net/threads/housing-update-functions-global-stats-inventory-layouts-and-more.5071539/index.html]
[hypixel.net/attachments/housing-sept-update-png.3090487/index.html]
[hypixel.net/members/connorlinfoot.14325/index.html]
[hypixel.net/threads/in-case-you-missed-it-2.5091203/index.html]
[hypixel.net/attachments/banner-png.3088835/index.html]
[hypixel.net/proxy97e8.json]
[hypixel.net/threads/in-case-you-missed-it.4904005/index.html]
[hypixel.net/threads/pixel-party-v1-0-release-to-arcade-games.5101268/index.html]
[hypixel.net/attachments/pixel-party-update-png.3085559/index.html]
[hypixel.net/proxyc674.json]
[hypixel.net/proxy3dfb.json]
[hypixel.net/members/hypixel-team.377696/index.html]
[hypixel.net/proxycd86.json]
[hypixel.net/index4658.html]
[hypixel.net/styles/fonts/fa/fa-duotone-900fcba.woff2]
[hypixel.net/attachments/sw-update-png.3080637/index.html]
[hypixel.net/styles/fonts/fa/fa-duotone-900fcba.woff]
[hypixel.net/styles/fonts/fa/fa-light-300fcba.woff2]
[hypixel.net/styles/fonts/fa/fa-light-300fcba.woff]
[hypixel.net/styles/fonts/fa/fa-regular-400fcba.woff]
[hypixel.net/styles/fonts/fa/fa-solid-900fcba.woff]
[hypixel.net/threads/skywars-update-balancing-qol-a-grim-reaper-and-more.5003770/index.html]
[hypixel.net/styles/fonts/fa/fa-brands-400fcba.woff]
[hypixel.net/styles/hypixel-v2/images/header-bg.png]
[hypixel.net/members/rapidthenerd.43802/index.html]
[hypixel.net/styles/dark/ratings/spritesheet_hypixel_v4.png]
[hypixel.net/styles/hypixel-v2/images/spritesheet-hypixel-emojis.png]
[hypixel.net/styles/default/xenforo/smilies/emojione/sprite_sheet_emojione.png]
[hypixel.net/styles/hypixel-v2/images/header-play-button.png]
[hypixel.net/styles/hypixel-v2/images/header-play-button-hover.png]
[hypixel.net/threads/dev-blog-11-optimizing-reports-with-machine-learning.5065246/index.html]
[hypixel.net/styles/hypixel-v2/images/nav-buttons/button-home.png]
[hypixel.net/attachments/dev-blog-11-png.3078874/index.html]
[hypixel.net/styles/hypixel-v2/images/nav-buttons/button-games.png]
[hypixel.net/styles/hypixel-v2/images/nav-buttons/button-leaderboards.png]
[hypixel.net/styles/hypixel-v2/images/nav-buttons/button-forums.png]
[hypixel.net/styles/hypixel-v2/images/nav-buttons/button-rules.png]
[hypixel.net/styles/hypixel-v2/images/nav-buttons/button-support.png]
[hypixel.net/members/inventivetalent.231840/index.html]
[hypixel.net/styles/hypixel-v2/images/nav-buttons/button-store.png]
[hypixel.net/styles/hypixel-v2/images/nav-buttons/button-wiki.png]
[hypixel.net/styles/hypixel-v2/images/nav-buttons/button-search-small.png]
[hypixel.net/styles/hypixel-v2/images/menu-border-bg.png]
[hypixel.net/threads/mini-walls-tournament-results.5072855/index.html]
[hypixel.net/attachments/miniwallresult-png.3068543/index.html]
[hypixel.net/styles/hypixel-v2/images/content-top-bg.png]
[hypixel.net/threads/about-the-slime-minion-setups.5117345/index.html]
[hypixel.net/members/mdofficial.5356881/index.html]
[hypixel.net/styles/hypixel-v2/images/content-bottom-bg.png]
[hypixel.net/styles/hypixel-v2/images/content-middle-bg.png]
[hypixel.net/styles/hypixel-v2/images/footer/blue-header.jpg]
[hypixel.net/cssae43.css]
[hypixel.net/styles/hypixel-v2/images/bg-featured-item-button.png]
[hypixel.net/threads/why-did-i-get-6-ore-from-one-block.5117342/index.html]
[hypixel.net/styles/hypixel-v2/images/upgrade-account-cta.png]
[hypixel.net/members/sym07.5321776/index.html]
[hypixel.net/styles/hypixel-v2/images/play-video-button.png]
[hypixel.net/css452c.css]
[hypixel.net/css3868.css]
[hypixel.net/threads/when-will-the-brewing-stand-be-able-to-be-used-on-the-private-island.5117341/index.html]
[hypixel.net/members/mlg_digital.3528668/index.html]
[hypixel.net/whats-new/latest-activity.html]
[hypixel.net/login/-/index.rss]
[hypixel.net/login/index.html]
[hypixel.net/js/xf/login_signup.min80af.js]
[hypixel.net/threads/best-talisman-power-for-melee-damage.5117340/index.html]
[hypixel.net/members/sandguy.4796023/index.html]
[hypixel.net/register/-/index.rss]
[hypixel.net/js/xf/password_box-compiled80af.js]
[hypixel.net/register/index.html]
[hypixel.net/js/xf/captcha.min80af.js]
[hypixel.net/cssc47a.css]
[hypixel.net/threads/which-should-i-change-my-pfp-to.5117339/index.html]
[hypixel.net/members/reyreypumps.5720476/index.html]
[hypixel.net/threads/noooooooooo.5117338/index.html]
[hypixel.net/cssd3c5.css]
[hypixel.net/members/notimetoexplain.4359459/index.html]
[hypixel.net/js/xf/preamble.minadac.js]
[hypixel.net/threads/how-do-i-do-about-100k-damage-outside-of-dungeons.5117337/index.html]
[hypixel.net/styles/hypixel-uix/hypixel/game-screenshots/BedWars-1.png]
[hypixel.net/styles/hypixel-v2/images/game-icons/BedWars-64.png]
[hypixel.net/styles/hypixel-uix/hypixel/game-screenshots/Skywars-1.png]
[hypixel.net/styles/hypixel-v2/images/game-icons/Skywars-64.png]
[hypixel.net/threads/how-to-be-good-at-game.5117335/index.html]
[hypixel.net/styles/hypixel-uix/hypixel/game-screenshots/MurderMystery-1.png]
[hypixel.net/styles/hypixel-v2/images/game-icons/MurderMystery-64.png]
[hypixel.net/styles/hypixel-uix/hypixel/game-screenshots/Arcade-1.png]
[hypixel.net/members/burme.4539799/index.html]
[hypixel.net/styles/hypixel-v2/images/game-icons/Arcade-64.png]
[hypixel.net/styles/hypixel-uix/hypixel/game-screenshots/UHC-1.png]
[hypixel.net/styles/hypixel-v2/images/game-icons/UHC-64.png]
[hypixel.net/styles/hypixel-uix/hypixel/game-screenshots/Arena-1.png]
[hypixel.net/threads/why-are-people-even-allowed-to-sell-gemstones-to-the-npc-controversial.5117333/index.html]
[hypixel.net/styles/hypixel-v2/images/game-icons/Arena-64.png]
[hypixel.net/styles/hypixel-uix/hypixel/game-screenshots/BuildBattle-1.png]
[hypixel.net/styles/hypixel-v2/images/game-icons/BuildBattle-64.png]
[hypixel.net/styles/hypixel-uix/hypixel/game-screenshots/CVC-1.png]
[hypixel.net/styles/hypixel-v2/images/game-icons/CVC-64.png]
[hypixel.net/members/hyperionbetterthanastraea.4979593/index.html]
[hypixel.net/styles/hypixel-uix/hypixel/game-screenshots/Duels-1.png]
[hypixel.net/styles/hypixel-v2/images/game-icons/Duels-64.png]
[hypixel.net/styles/hypixel-uix/hypixel/game-screenshots/MegaWalls-1.png]
[hypixel.net/styles/hypixel-v2/images/game-icons/MegaWalls-64.png]
[hypixel.net/styles/hypixel-uix/hypixel/game-screenshots/Paintball-1.png]
[hypixel.net/styles/hypixel-v2/images/game-icons/Paintball-64.png]
[hypixel.net/styles/hypixel-uix/hypixel/game-screenshots/Quakecraft-1.png]
[hypixel.net/threads/suggestions.5117330/index.html]
[hypixel.net/styles/hypixel-v2/images/game-icons/Quakecraft-64.png]
[hypixel.net/styles/hypixel-uix/hypixel/game-screenshots/SG-1.png]
[hypixel.net/styles/hypixel-v2/images/game-icons/SG-64.png]
[hypixel.net/styles/hypixel-uix/hypixel/game-screenshots/SmashHeroes-1.png]
[hypixel.net/members/cubeyisdabest.6100372/index.html]
[hypixel.net/styles/hypixel-v2/images/game-icons/SmashHeroes-64.png]
[hypixel.net/styles/hypixel-uix/hypixel/game-screenshots/TNT-1.png]
[hypixel.net/styles/hypixel-v2/images/game-icons/TNT-64.png]
[hypixel.net/styles/hypixel-uix/hypixel/game-screenshots/TurboKartRacers-1.png]
[hypixel.net/styles/hypixel-v2/images/game-icons/TurboKartRacers-64.png]
[hypixel.net/styles/hypixel-uix/hypixel/game-screenshots/VampireZ-1.png]
[hypixel.net/styles/hypixel-v2/images/game-icons/VampireZ-64.png]
[hypixel.net/styles/hypixel-uix/hypixel/game-screenshots/Walls-1.png]
[hypixel.net/rules/index.html]
[hypixel.net/jobs/index.html]
[hypixel.net/styles/hypixel-v2/images/game-icons/Walls-64.png]
[hypixel.net/indexfdb0.html]
[hypixel.net/styles/hypixel-uix/hypixel/game-screenshots/Warlords-1.png]
[hypixel.net/index2679.html]
[hypixel.net/styles/hypixel-v2/images/game-icons/Warlords-64.png]
[hypixel.net/threads/skyblock-patch-0-14-shens-auctions-the-hex-rng-meter-and-more.5074247/index.html]
[hypixel.net/attachments/sb-14-png.3067669/index.html]
[img.youtube.com/vi/nAu_-vWoElU/default.jpg]
[hypixel.net/attachments/sw-update-png.3042184/index.html]
[hypixel.net/members/jayavarmen.30478/index.html]
[hypixel.net/members/brandonjja.1793253/index.html]
[hypixel.net/bedwars.html]
[img.youtube.com/vi/5l6kQNrSotM/default.jpg]
[hypixel.net/threads/hypixel-tournaments-mini-walls.5037905/index.html]
[hypixel.net/attachments/mini-wall-png.3051037/index.html]
[hypixel.net/threads/hypixel-tournaments-bed-wars-4v4v4v4.1875811/index.html]
[img.youtube.com/vi/tzgAnlwHjDk/default.jpg]
[hypixel.net/attachments/dropper-post-png.3047340/index.html]
[hypixel.net/threads/admin-game-jam.4654650/index.html]
[hypixel.net/threads/vampirez-update-balances-bug-fixes-and-more.5003802/index.html]
[hypixel.net/attachments/vz-update-png.3023956/index.html]
[img.youtube.com/vi/GPnJcF0XJfk/default.jpg]
[hypixel.net/forums/server-bug-reports.35/index.html]
[hypixel.net/members/nitroholic_.60135/index.html]
[hypixel.net/attachments/june-bugs-forums-png.3018760/index.html]
[img.youtube.com/vi/cFp5iRFCBFk/default.jpg]
[img.youtube.com/vi/det3br7H9Ao/default.jpg]
[img.youtube.com/vi/3OHMn-rw0w4/default.jpg]
[hypixel.net/lost-password/index.html]
[img.youtube.com/vi/NFA5FVkDwkQ/default.jpg]
[hypixel.net/skywars/index.html]
[img.youtube.com/vi/nCj7DXosxlU/default.jpg]
[hypixel.net/arena-brawl/index.html]
[img.youtube.com/vi/dVjXRiAp2Xg/default.jpg]
[hypixel.net/paintball-warfare.html]
[img.youtube.com/vi/C37iPUQIiQ4/default.jpg]
[img.youtube.com/vi/Q0wcxWZbI94/default.jpg]
[hypixel.net/blitz-survivalgames.html]
[img.youtube.com/vi/YHSRvuxZ3GY/default.jpg]
[hypixel.net/smash-heroes/index.html]
[img.youtube.com/vi/YZiy6ZsOmfg/default.jpg]
[hypixel.net/turbo-kart-racers.html]
[img.youtube.com/vi/Ft9rlQHd_EU/default.jpg]
[img.youtube.com/vi/rj2GnsdLx6o/default.jpg]
[hypixel.net/walls.html]
[img.youtube.com/vi/0ILl-qvp9p0/default.jpg]
[hypixel.net/styles/hypixel-v2/images/game-art/BedWars.png]
[hypixel.net/styles/hypixel-v2/images/game-art/Skywars.png]
[hypixel.net/styles/hypixel-v2/images/game-art/MurderMystery.png]
[hypixel.net/styles/hypixel-v2/images/game-art/Arcade.png]
[hypixel.net/styles/hypixel-v2/images/game-art/UHC.png]
[hypixel.net/styles/hypixel-v2/images/game-art/Arena.png]
[hypixel.net/styles/hypixel-v2/images/game-art/BuildBattle.png]
[hypixel.net/styles/hypixel-v2/images/game-art/CVC.png]
[hypixel.net/styles/hypixel-v2/images/game-art/Duels.png]
[hypixel.net/styles/hypixel-v2/images/game-art/MegaWalls.png]
[hypixel.net/styles/hypixel-v2/images/game-art/Paintball.png]
[hypixel.net/styles/hypixel-v2/images/game-art/Quakecraft.png]
[hypixel.net/styles/hypixel-v2/images/game-art/SG.png]
[hypixel.net/styles/hypixel-v2/images/game-art/SmashHeroes.png]
[hypixel.net/styles/hypixel-v2/images/game-art/TNT.png]
[hypixel.net/styles/hypixel-v2/images/game-art/TurboKartRacers.png]
[hypixel.net/styles/hypixel-v2/images/game-art/VampireZ.png]
[hypixel.net/styles/hypixel-v2/images/game-art/Walls.png]
[hypixel.net/styles/hypixel-v2/images/game-art/Warlords.png]
[hypixel.net/play/-/index.rss]
[hypixel.net/js/vendor/jquery/jquery-3.5.1.minadac.js]
[hypixel.net/js/vendor/vendor-compiledadac.js]
[hypixel.net/js/xf/core-compiledadac.js]
[hypixel.net/js/tooltipster/jquery.tooltipster.minadac.js]
[hypixel.net/js/hypixel/play/playadac.js]
[hypixel.net/js/hypixel/play/joinadac.js]
[hypixel.net/play/index.html]
[hypixel.net/play/#games.html]
[hypixel.net/js/xf/notice.minadac.js]
[hypixel.net/css7db5.css]
[hypixel.net/bedwars/leaderboard.html]
[hypixel.net/styles/hypixel-uix/hypixel/game-icons/BedWars-44.png]
[hypixel.net/styles/hypixel-uix/hypixel/game-icons/Skywars-44.png]
[hypixel.net/murder-mystery/leaderboard.html]
[hypixel.net/styles/hypixel-uix/hypixel/game-icons/MurderMystery-44.png]
[hypixel.net/styles/hypixel-uix/hypixel/game-icons/Arcade-44.png]
[hypixel.net/uhc-champions/leaderboard.html]
[hypixel.net/styles/hypixel-uix/hypixel/game-icons/UHC-44.png]
[hypixel.net/styles/hypixel-uix/hypixel/game-icons/Arena-44.png]
[hypixel.net/build-battle/leaderboard.html]
[hypixel.net/styles/hypixel-uix/hypixel/game-icons/BuildBattle-44.png]
[hypixel.net/styles/hypixel-uix/hypixel/game-icons/CVC-44.png]
[hypixel.net/duels/leaderboard.html]
[hypixel.net/styles/hypixel-uix/hypixel/game-icons/Duels-44.png]
[hypixel.net/styles/hypixel-uix/hypixel/game-icons/MegaWalls-44.png]
[hypixel.net/paintball-warfare/leaderboard.html]
[hypixel.net/styles/hypixel-uix/hypixel/game-icons/Paintball-44.png]
[hypixel.net/styles/hypixel-uix/hypixel/game-icons/Quakecraft-44.png]
[hypixel.net/blitz-survivalgames/leaderboard.html]
[hypixel.net/styles/hypixel-uix/hypixel/game-icons/SG-44.png]
[hypixel.net/styles/hypixel-uix/hypixel/game-icons/SmashHeroes-44.png]
[hypixel.net/tnt-games/leaderboard/wizard.html]
[hypixel.net/styles/hypixel-uix/hypixel/game-icons/TNT-44.png]
[hypixel.net/tnt-games/leaderboard/pvprun.html]
[hypixel.net/turbo-kart-racers/leaderboard.html]
[hypixel.net/styles/hypixel-uix/hypixel/game-icons/TurboKartRacers-44.png]
[hypixel.net/styles/hypixel-uix/hypixel/game-icons/VampireZ-44.png]
[hypixel.net/walls/leaderboard.html]
[hypixel.net/styles/hypixel-uix/hypixel/game-icons/Walls-44.png]
[hypixel.net/styles/hypixel-uix/hypixel/game-icons/Warlords-44.png]
[hypixel.net/players.html]
[hypixel.net/js/hypixel/players/playeradac.js]
[hypixel.net/forums/-/index.rss]
[hypixel.net/css5aac.css]
[forumassets.hypixel.net/data/avatars/s/3876/38765295dab.jpg]
[hypixel.net/forums/news-and-announcements.4/index.html]
[hypixel.net/members/krit1214.3876529/index.html]
[hypixel.net/threads/update-mandatory-microsoft-account-migration.4805155/page-31#post-36731731]
[forumassets.hypixel.net/data/avatars/s/126/126499cd2c.jpg]
[hypixel.net/threads/forum-moderation-insights-and-updates.4294289/#post-36734312]
[hypixel.net/forums/moderation-information-and-changes.164/index.html]
[hypixel.net/members/teddy.126499/index.html]
[forumassets.hypixel.net/data/avatars/s/5627/56277458c16.jpg]
[hypixel.net/forums/punishment-appeals.36/index.html]
[hypixel.net/forums/forum-punishment-appeal.226/index.html]
[forumassets.hypixel.net/data/avatars/s/5065/50659823761.jpg]
[forumassets.hypixel.net/data/avatars/s/5901/59010767e1a.jpg]
[hypixel.net/forums/skyblock-bug-reports.159/index.html]
[forumassets.hypixel.net/data/avatars/s/5085/50852342165.jpg]
[forumassets.hypixel.net/data/avatars/s/5992/59923072b6b.jpg]
[forumassets.hypixel.net/data/avatars/s/1535/1535593dd38.jpg]
[forumassets.hypixel.net/data/avatars/s/3945/3945356a423.jpg]
[hypixel.net/threads/l-h.5115578/#post-36735354]
[forumassets.hypixel.net/data/avatars/s/5355/53550361854.jpg]
[forumassets.hypixel.net/data/avatars/s/5416/541608106c0.jpg]
[forumassets.hypixel.net/data/avatars/s/5988/59889412e10.jpg]
[hypixel.net/threads/suggestion-difficulty-modes.5116747/#post-36730008]
[forumassets.hypixel.net/data/avatars/s/6060/6060273b84b.jpg]
[forumassets.hypixel.net/data/avatars/s/5743/57434087852.jpg]
[hypixel.net/skyblock-alpha/index.html]
[forumassets.hypixel.net/data/avatars/s/1934/1934208023a.jpg]
[forumassets.hypixel.net/data/avatars/s/2940/29402778675.jpg]
[forumassets.hypixel.net/data/avatars/s/1838/18383809950.jpg]
[hypixel.net/forums/skyblock-suggestions-and-feedback.195/index.html]
[forumassets.hypixel.net/data/avatars/s/320/3207071047.jpg]
[hypixel.net/threads/what-do-you-do-as-an-early-game-blitz-player.5114328/#post-36733390]
[forumassets.hypixel.net/data/avatars/s/3309/3309916e5ca.jpg]
[forumassets.hypixel.net/data/avatars/s/3400/3400881ec88.jpg]
[hypixel.net/forums/skyblock-guilds.197/index.html]
[forumassets.hypixel.net/data/avatars/s/738/7386555b95.jpg]
[hypixel.net/forums/guides-and-strategies.162/index.html]
[forumassets.hypixel.net/data/avatars/s/2374/2374326e692.jpg]
[forumassets.hypixel.net/data/avatars/s/758/758680a220.jpg]
[hypixel.net/forums/creative-corner.193/index.html]
[hypixel.net/forums/island-showcase.161/index.html]
[forumassets.hypixel.net/data/avatars/s/3871/38711536c98.jpg]
[hypixel.net/members/maxorbest.5627745/index.html]
[hypixel.net/smp/index.html]
[forumassets.hypixel.net/data/avatars/s/3528/3528331d3e5.jpg]
[forumassets.hypixel.net/data/avatars/s/6140/61407493db2.jpg]
[forumassets.hypixel.net/data/avatars/s/1914/191431812af.jpg]
[forumassets.hypixel.net/data/avatars/s/3334/3334124b21b.jpg]
[forumassets.hypixel.net/data/avatars/s/4142/4142398a730.jpg]
[forumassets.hypixel.net/data/avatars/s/265/265240cf24.jpg]
[hypixel.net/members/technoarmor.5065982/index.html]
[forumassets.hypixel.net/data/avatars/s/134/134895390f.jpg]
[forumassets.hypixel.net/data/avatars/s/94/946558ad1.jpg]
[forumassets.hypixel.net/data/avatars/s/158/15828332e5.jpg]
[hypixel.net/forums/index.html]
[hypixel.net/whats-new/posts/index.html]
[hypixel.net/search/index4009.html]
[hypixel.net/forums/wool-wars/index.html]
[hypixel.net/members/proglipglipgrr.5901076/index.html]
[hypixel.net/bed-wars/index.html]
[hypixel.net/members/curryting.5085234/index.html]
[hypixel.net/search-forums/bed-wars-suggestions.202/index.html]
[hypixel.net/cssdc7b.css]
[hypixel.net/members/pho3n1x_.5992307/index.html]
[hypixel.net/members/zeytrixx.1535593/index.html]
[hypixel.net/housing/index.html]
[hypixel.net/rules.html]
[hypixel.net/css7d16.css]
[hypixel.net/members/leog_2010.3945356/index.html]
[hypixel.net/build-battle/index.html]
[hypixel.net/terms.html]
[hypixel.net/members/whyjusty.5355036/index.html]
[hypixel.net/arcade/index.html]
[hypixel.net/forums/game-capture-the-wool.155/index.html]
[hypixel.net/members/rocminebuilder.5416081/index.html]
[hypixel.net/prototype/index.html]
[hypixel.net/privacy.html]
[hypixel.net/dropper/index.html]
[hypixel.net/css59a6.css]
[hypixel.net/categories/archived-forums.128/index.html]
[forumassets.hypixel.net/data/avatars/s/3938/3938179ed88.jpg]
[hypixel.net/forums/ptl-bug-reports.127/index.html]
[hypixel.net/forums/game-murder-mystery.135/index.html]
[hypixel.net/threads/rant-dungeons-is-actually-the-epitome-of-bad-game-design.5112153/page-2.html]
[hypixel.net/forums/archived-patch-notes.136/index.html]
[hypixel.net/threads/rant-dungeons-is-actually-the-epitome-of-bad-game-design.5112153/page-3.html]
[forumassets.hypixel.net/data/avatars/s/4529/4529430fccb.jpg]
[hypixel.net/forums/wool-wars-ptl/index.html]
[forumassets.hypixel.net/data/avatars/s/3414/34144775715.jpg]
[hypixel.net/forums/game-invaders.220/index.html]
[forumassets.hypixel.net/data/avatars/s/3864/3864802c6cd.jpg]
[forumassets.hypixel.net/data/avatars/s/3125/3125810deae.jpg]
[forumassets.hypixel.net/data/avatars/s/4540/454013559b5.jpg]
[forumassets.hypixel.net/data/avatars/s/5356/535688160cf.jpg]
[hypixel.net/forums/game-towerwars.156/index.html]
[forumassets.hypixel.net/data/avatars/s/2577/2577956814b.jpg]
[forumassets.hypixel.net/data/avatars/s/3657/36579186862.jpg]
[hypixel.net/forums/game-king-of-the-hill.154/index.html]
[hypixel.net/threads/ranking-the-wither-blades.5117302/page-2.html]
[hypixel.net/forums/game-the-bridge.153/index.html]
[hypixel.net/forums/game-uhc-deathmatch.123/index.html]
[forumassets.hypixel.net/data/avatars/s/4979/497959368fa.jpg]
[hypixel.net/forums/archived-patch-notes.129/index.html]
[forumassets.hypixel.net/data/avatars/s/6128/6128711667b.jpg]
[forumassets.hypixel.net/data/avatars/s/4239/4239708fbd3.jpg]
[hypixel.net/threads/hotm-tree-for-mining-mithril.5117142/#post-36735375]
[forumassets.hypixel.net/data/avatars/s/4240/4240482fa85.jpg]
[hypixel.net/threads/what-makes-us-human.5116962/page-2.html]
[hypixel.net/threads/what-makes-us-human.5116962/page-3.html]
[forumassets.hypixel.net/data/avatars/s/30/304787e5e.jpg]
[hypixel.net/forums/archived-patch-notes.131/index.html]
[hypixel.net/threads/design-thread-lets-talk-about-1-0.4531605/page-21.html]
[hypixel.net/forums/game-hide-and-seek.145/index.html]
[forumassets.hypixel.net/data/avatars/m/5402/5402196d15b.jpg]
[forumassets.hypixel.net/data/avatars/l/5402/5402196d15b.jpg]
[forumassets.hypixel.net/data/avatars/m/27/2724923ca.jpg]
[forumassets.hypixel.net/data/avatars/l/27/2724923ca.jpg]
[hypixel.net/forums/archived-patch-notes.146/index.html]
[hypixel.net/qrnRNEP54ad.jpg]
[hypixel.net/profile-posts/1763300/reactionsbdf2.html]
[hypixel.net/profile-posts/1763300/reactionsff03.html]
[forumassets.hypixel.net/data/avatars/m/5767/57676448f17.jpg]
[forumassets.hypixel.net/data/avatars/l/5767/57676448f17.jpg]
[hypixel.net/profile-posts/1763298/reactions74ff.html]
[twemoji.maxcdn.com/2/72x72/2620.png]
[hypixel.net/forums/archived-patch-notes.141/index.html]
[forumassets.hypixel.net/data/avatars/s/5402/5402196d15b.jpg]
[hypixel.net/forums/game-survival-dash.126/index.html]
[forumassets.hypixel.net/data/avatars/m/6141/61411700d31.jpg]
[forumassets.hypixel.net/data/avatars/l/6141/61411700d31.jpg]
[hypixel.net/whats-new/-/index.rss]
[hypixel.net/js/xf/comment.min80af.js]
[hypixel.net/members/somerand0mnerd.5988941/index.html]
[hypixel.net/whats-new/index.html]
[hypixel.net/search/index.html]
[hypixel.net/threads/4307249/index.html]
[hypixel.net/js/sv/contentratings/rate.min80af.js]
[hypixel.net/members/forumsnoob.6060273/index.html]
[hypixel.net/members/catg.5743408/index.html]
[staticassets.hypixel.net/news/687eecc3-aa85-4c5c-b35d-59b2c53a95a1.summer-forums.png]
[hypixel.net/proxy6657.json]
[hypixel.net/proxycf9e.json]
[hypixel.net/index9ba9.html]
[hypixel.net/the-walls/index.html]
[hypixel.net/paintball/index.html]
[hypixel.net/data/news-images/Kz4j7h.jpg]
[hypixel.net/threads/a-sneak-peek-at-the-next-hypixel-aventure-map-updated.351/unread]
[hypixel.net/index4808.html]
[hypixel.net/cssd1c8.css]
[hypixel.net/threads/housing-update-functions-global-stats-inventory-layouts-and-more.5071539/#post-36411677]
[hypixel.net/bug-reports/create]
[hypixel.net/proxybc15.json]
[forumassets.hypixel.net/data/avatars/m/14/14325e43d.jpg]
[hypixel.net/threads/housing-update-functions-global-stats-inventory-layouts-and-more.5071539/page-3.html]
[hypixel.net/members/spidyyyy.320707/index.html]
[forumassets.hypixel.net/data/avatars/m/7/7923a878.jpg]
[hypixel.net/player/Gogeta.html]
[hypixel.net/guild/Harmony.html]
[hypixel.net/player/puppy0cam.html]
[hypixel.net/members/hamments.3400881/index.html]
[forumassets.hypixel.net/data/avatars/m/1465/1465441fa09.jpg]
[hypixel.net/player/Itz0gi.html]
[hypixel.net/guild/Stardew Valley.html]
[forumassets.hypixel.net/data/avatars/m/1731/1731189a502.jpg]
[hypixel.net/forums/official-hypixel-minecraft-server/index.html]
[hypixel.net/player/lordb0rf.html]
[hypixel.net/guild/HyRAVE.html]
[forumassets.hypixel.net/data/avatars/m/5210/5210214cec9.jpg]
[hypixel.net/player/craftyfish0.html]
[hypixel.net/guild/Meatball Society.html]
[hypixel.net/forums/community-help-forum.5/index.html]
[forumassets.hypixel.net/data/avatars/m/4711/471178355f1.jpg]
[hypixel.net/player/Penpenpenpenpen.html]
[hypixel.net/guild/A Group Of People.html]
[hypixel.net/forums/ideas-and-feedback.38/index.html]
[forumassets.hypixel.net/data/avatars/m/2812/28123063c97.jpg]
[hypixel.net/forums/guilds.59/index.html]
[hypixel.net/player/FrogOP.html]
[hypixel.net/guild/do not invite me to ur guild.html]
[hypixel.net/forums/off-topic.2/index.html]
[forumassets.hypixel.net/data/avatars/m/5743/57434087852.jpg]
[hypixel.net/player/Catg_84.html]
[hypixel.net/guild/Doggo Empire.html]
[hypixel.net/forums/forum-games.143/index.html]
[forumassets.hypixel.net/data/avatars/m/3131/3131550ab68.jpg]
[hypixel.net/player/oPancakes.html]
[hypixel.net/guild/opancakes crib.html]
[forumassets.hypixel.net/data/avatars/m/1558/155824746d6.jpg]
[hypixel.net/player/ixNoah.html]
[hypixel.net/guild/noahgang.html]
[hypixel.net/forums/introduce-yourself.20/index.html]
[hypixel.net/forums/hypixel-events.64/index.html]
[forumassets.hypixel.net/data/attachments/3094/3094185-9083bd33e2495b9029a4c915fc5000d5.jpg]
[forumassets.hypixel.net/data/avatars/m/3625/36257638c3d.jpg]
[hypixel.net/members/gost_evil.1914318/index.html]
[hypixel.net/player/Ostensvig.html]
[hypixel.net/guild/NoWifi.html]
[hypixel.net/forums/builders-lounge.84/index.html]
[forumassets.hypixel.net/data/avatars/m/2979/29797167a51.jpg]
[hypixel.net/player/mangoess.html]
[hypixel.net/forums/redstone-room.28/index.html]
[hypixel.net/guild/Mango Central.html]
[forumassets.hypixel.net/data/avatars/m/4117/4117680d314.jpg]
[hypixel.net/forums/custom-maps-showcase.16/index.html]
[hypixel.net/player/RealDerpyTheNon.html]
[hypixel.net/forums/youtube-showcase.60/index.html]
[hypixel.net/guild/King Of The Hill.html]
[hypixel.net/forums/code-creations.65/index.html]
[forumassets.hypixel.net/data/avatars/m/2350/2350061c6b4.jpg]
[hypixel.net/player/avydragon.html]
[hypixel.net/guild/awfwafafwafafaffffwfwaaaffafafwf.html]
[forumassets.hypixel.net/data/avatars/m/3750/37505160007.jpg]
[hypixel.net/player/Doomsayer.html]
[hypixel.net/guild/Rebel.html]
[hypixel.net/members/gamazations.3334124/index.html]
[hypixel.net/members/the99thhyperiongamer.4142398/index.html]
[forumassets.hypixel.net/data/avatars/m/5476/54763976a8f.jpg]
[hypixel.net/members/index8657.html]
[hypixel.net/members/centranos.265240/index.html]
[hypixel.net/members/deluxerose.134895/index.html]
[forumassets.hypixel.net/data/avatars/m/3577/3577313ed77.jpg]
[hypixel.net/player/Summereds.html]
[hypixel.net/guild/BegForMercy.html]
[hypixel.net/threads/housing-update-functions-global-stats-inventory-layouts-and-more.5071539/#post-36673127]
[forumassets.hypixel.net/data/avatars/m/5067/506703560a2.jpg]
[hypixel.net/player/vurrn.html]
[hypixel.net/guild/Just Jump.html]
[hypixel.net/members/donutcoppa.5913556/index.html]
[forumassets.hypixel.net/data/avatars/s/78/78899aae6.jpg]
[hypixel.net/threads/in-case-you-missed-it-2.5091203/page-3.html]
[hypixel.net/threads/in-case-you-missed-it-2.5091203/page-4.html]
[hypixel.net/threads/in-case-you-missed-it-2.5091203/page-5.html]
[hypixel.net/members/minutes_min.4484365/index.html]
[forumassets.hypixel.net/data/avatars/s/5171/5171917fe12.jpg]
[forumassets.hypixel.net/data/avatars/s/377/37769606be.jpg]
[hypixel.net/threads/pixel-party-v1-0-release-to-arcade-games.5101268/page-5.html]
[hypixel.net/members/sir_cow.232100/index.html]
[hypixel.net/threads/pixel-party-v1-0-release-to-arcade-games.5101268/page-6.html]
[hypixel.net/members/kimid2007.4002436/index.html]
[hypixel.net/members/cubertulosis.3414477/index.html]
[forumassets.hypixel.net/data/avatars/s/5957/59571807647.jpg]
[hypixel.net/members/bitsplode.4998824/index.html]
[forumassets.hypixel.net/data/avatars/s/1558/155824746d6.jpg]
[forumassets.hypixel.net/data/avatars/s/3867/38670006f4b.jpg]
[hypixel.net/members/vicious_vi.6128711/index.html]
[forumassets.hypixel.net/data/avatars/s/2505/2505806a0d5.jpg]
[hypixel.net/members/youraverageskyblocknolife.4540135/index.html]
[hypixel.net/threads/housing-update-functions-global-stats-inventory-layouts-and-more.5071539/index.html]
[hypixel.net/members/l6st62deepforge.3220480/index.html]
[hypixel.net/members/connorlinfoot.14325/page-2.html]
[hypixel.net/css13eb.css]
[hypixel.net/members/fridgeraider.3657918/index.html]
[forumassets.hypixel.net/data/avatars/o/14/14325e43d.jpg]
[forumassets.hypixel.net/data/avatars/l/14/14325e43d.jpg]
[hypixel.net/members/midexx.5251130/index.html]
[hypixel.net/members/zeloth7.5130518/index.html]
[hypixel.net/members/connorlinfoot.14325/ratings9fbd.html]
[hypixel.net/members/connorlinfoot.14325/latest-activity.html]
[hypixel.net/members/connorlinfoot.14325/about.html]
[forumassets.hypixel.net/data/avatars/m/1879/1879119727e.jpg]
[forumassets.hypixel.net/data/avatars/l/1879/1879119727e.jpg]
[hypixel.net/profile-posts/1269528/reactions25d0.html]
[hypixel.net/members/gamingdevil.2425681/index.html]
[hypixel.net/members/potatoh48948.6139719/index.html]
[hypixel.net/members/box1e.4348522/index.html]
[hypixel.net/profile-posts/1269528/reactions9973.html]
[hypixel.net/profile-posts/1269528/reactions8341.html]
[hypixel.net/profile-posts/1268615/reactions25d0.html]
[hypixel.net/members/badatgame.6051136/index.html]
[forumassets.hypixel.net/data/avatars/m/2387/2387840bf1e.jpg]
[forumassets.hypixel.net/data/avatars/l/2387/2387840bf1e.jpg]
[hypixel.net/profile-posts/1268549/reactions25d0.html]
[hypixel.net/profile-posts/1268549/reactionsbdf2.html]
[forumassets.hypixel.net/data/avatars/m/2788/27888901b6d.jpg]
[forumassets.hypixel.net/data/avatars/l/2788/27888901b6d.jpg]
[hypixel.net/members/zykax.5451030/index.html]
[hypixel.net/profile-posts/1268506/reactions25d0.html]
[forumassets.hypixel.net/data/avatars/m/1543/15437698955.jpg]
[hypixel.net/members/desktop_miners.2764251/index.html]
[forumassets.hypixel.net/data/avatars/l/1543/15437698955.jpg]
[hypixel.net/profile-posts/1267896/reactions25d0.html]
[hypixel.net/profile-posts/1267896/reactionsbdf2.html]
[hypixel.net/profile-posts/1267896/reactions829c.html]
[hypixel.net/profile-posts/1267652/reactions25d0.html]
[forumassets.hypixel.net/data/avatars/m/1802/1802491f276.jpg]
[forumassets.hypixel.net/data/avatars/l/1802/1802491f276.jpg]
[hypixel.net/members/mdracoman.2463643/index.html]
[hypixel.net/profile-posts/1267012/reactions829c.html]
[forumassets.hypixel.net/data/avatars/m/2623/26235487a3d.jpg]
[forumassets.hypixel.net/data/avatars/l/2623/26235487a3d.jpg]
[hypixel.net/members/plooply.5997727/index.html]
[forumassets.hypixel.net/data/avatars/s/1340/134062707ba.jpg]
[hypixel.net/profile-posts/comments/1585153/reactions25d0.html]
[hypixel.net/members/zeoxbtw.4166636/index.html]
[forumassets.hypixel.net/data/avatars/m/1535/1535062af29.jpg]
[forumassets.hypixel.net/data/avatars/l/1535/1535062af29.jpg]
[hypixel.net/profile-posts/1265912/reactions25d0.html]
[hypixel.net/members/thesilverderp.5443400/index.html]
[forumassets.hypixel.net/data/avatars/s/1535/1535062af29.jpg]
[hypixel.net/profile-posts/comments/1584461/reactions25d0.html]
[forumassets.hypixel.net/data/avatars/m/2567/256794644c2.jpg]
[hypixel.net/members/ebassminer.5127481/index.html]
[forumassets.hypixel.net/data/avatars/l/2567/256794644c2.jpg]
[forumassets.hypixel.net/data/avatars/s/2507/25075804c03.jpg]
[hypixel.net/profile-posts/comments/1587132/reactions25d0.html]
[forumassets.hypixel.net/data/avatars/m/2246/22469395ff0.jpg]
[hypixel.net/members/plantyyyy.4348523/index.html]
[forumassets.hypixel.net/data/avatars/l/2246/22469395ff0.jpg]
[hypixel.net/profile-posts/1262297/reactions25d0.html]
[hypixel.net/profile-posts/1261124/reactions25d0.html]
[forumassets.hypixel.net/data/avatars/s/904/90411881db.jpg]
[forumassets.hypixel.net/data/avatars/s/2399/2399292c19d.jpg]
[hypixel.net/members/spacexfalcon1.4109982/index.html]
[hypixel.net/profile-posts/1258400/load-previous2157.html]
[hypixel.net/profile-posts/comments/1584464/reactions25d0.html]
[hypixel.net/members/emg999.5858929/index.html]
[forumassets.hypixel.net/data/avatars/m/867/8670133253.jpg]
[forumassets.hypixel.net/data/avatars/l/867/8670133253.jpg]
[forumassets.hypixel.net/data/avatars/m/2796/27962280b65.jpg]
[forumassets.hypixel.net/data/avatars/l/2796/27962280b65.jpg]
[hypixel.net/members/evlnnn23.6142957/index.html]
[hypixel.net/profile-posts/1256188/reactions25d0.html]
[forumassets.hypixel.net/data/avatars/m/2562/25627734631.jpg]
[forumassets.hypixel.net/data/avatars/l/2562/25627734631.jpg]
[forumassets.hypixel.net/data/avatars/m/2752/2752017ac5a.jpg]
[forumassets.hypixel.net/data/avatars/l/2752/2752017ac5a.jpg]
[forumassets.hypixel.net/data/avatars/m/2257/22578023a8d.jpg]
[hypixel.net/whats-new/posts/3746356/index.html]
[forumassets.hypixel.net/data/avatars/l/2257/22578023a8d.jpg]
[hypixel.net/profile-posts/1247788/reactions25d0.html]
[forumassets.hypixel.net/data/avatars/m/2318/231894834bd.jpg]
[forumassets.hypixel.net/data/avatars/l/2318/231894834bd.jpg]
[hypixel.net/threads/punishment-information-and-how-to-appeal.3261027/index.html]
[hypixel.net/profile-posts/1247494/reactions829c.html]
[hypixel.net/terms/index.html]
[hypixel.net/members/connorlinfoot.14325/page-15.html]
[hypixel.net/members/connorlinfoot.14325/-/index.rss]
[hypixel.net/members/connorlinfoot.14325/index.html]
[hypixel.net/js/xf/inline_mod.min80af.js]
[hypixel.net/threads/rant-dungeons-is-actually-the-epitome-of-bad-game-design.5112153/index.html]
[hypixel.net/members/angryfrosmoth.3938179/index.html]
[hypixel.net/members/archer_goes_brrrr.4529430/index.html]
[hypixel.net/threads/in-case-you-missed-it-2.5091203/page-2.html]
[hypixel.net/cssb4c3.css]
[hypixel.net/members/_bullit.3864802/index.html]
[hypixel.net/members/rosekarp.3125810/index.html]
[hypixel.net/threads/in-case-you-missed-it-2.5091203/#post-36534341]
[hypixel.net/proxy2cc6.json]
[hypixel.net/proxy810d.json]
[hypixel.net/proxy8152.json]
[hypixel.net/proxyae59.json]
[hypixel.net/threads/why-is-large-slayer-sack-at-wolf-slayer-8.5091798/index.html]
[hypixel.net/proxyf635.json]
[hypixel.net/members/corviknightsiv.2577956/index.html]
[hypixel.net/proxyf627.json]
[hypixel.net/threads/ranking-the-wither-blades.5117302/index.html]
[hypixel.net/threads/official-weapons-tierlist.5116853/index.html]
[hypixel.net/proxyf72d.json]
[hypixel.net/threads/hotm-tree-for-mining-mithril.5117142/index.html]
[hypixel.net/proxyd5c3.json]
[hypixel.net/members/paypaypumps.4240482/index.html]
[hypixel.net/threads/what-makes-us-human.5116962/index.html]
[hypixel.net/threads/design-thread-lets-talk-about-1-0.4531605/index.html]
[hypixel.net/members/retroluxx.4359110/index.html]
[hypixel.net/proxy0d5b.json]
[hypixel.net/members/sykese.27249/index.html]
[hypixel.net/proxyd53b.json]
[hypixel.net/proxy20a8.json]
[hypixel.net/proxy1bc9.json]
[hypixel.net/members/apyr.5767644/index.html]
[hypixel.net/proxy1021.json]
[hypixel.net/proxye49e.json]
[hypixel.net/members/itscognito.6141170/index.html]
[hypixel.net/proxyab4e.json]
[hypixel.net/proxy4ae6.json]
[hypixel.net/threads/hypixel-now-supports-minecraft-1-17.4307249/index.html]
[hypixel.net/indexaf4d.html]
[hypixel.net/proxyc3fd.json]
[hypixel.net/attachments/version-support-updates-forums-png.3004667/index.html]
[hypixel.net/threads/summer-event-and-sale-2022.4994707/index.html]
[hypixel.net/threads/hypixel-optimised-for-1-8-9-best-version-of-minecraft-for-hypixel.1731620/index.html]
[hypixel.net/proxy3a33.json]
[hypixel.net/threads/housing-update-conditions-item-actions-and-more.4734707/index.html]
[hypixel.net/attachments/housing-update-png.2986797/index.html]
[hypixel.net/proxy9588.json]
[hypixel.net/attachments/wool-war-update-png.2982759/index.html]
[hypixel.net/threads/wool-wars-v1-0-is-released.4942450/index.html]
[hypixel.net/attachments/incaseyoumissedit-forums-png.2975306/index.html]
[hypixel.net/proxy786f.json]
[hypixel.net/threads/may-9th-bed-wars-blitz-bug-fixes.4903816/index.html]
[hypixel.net/attachments/bugs-may-forums-png.2981145/index.html]
[hypixel.net/proxy2945.json]
[hypixel.net/members/mystv.5827194/index.html]
[hypixel.net/proxyd2e7.json]
[hypixel.net/index664c.html]
[hypixel.net/proxy7193.json]
[hypixel.net/index7c6b.html]
[hypixel.net/proxy9a11.json]
[hypixel.net/threads/update-4-patch-notes.3594/index.html]
[hypixel.net/members/agentk.18227/index.html]
[hypixel.net/threads/update-1-2-and-3-patch-notes.3473/index.html]
[hypixel.net/proxy18ee.json]
[hypixel.net/attachments/favicons-png.44/index.html]
[hypixel.net/attachments/favicons2-png.45/index.html]
[hypixel.net/proxyf15f.json]
[hypixel.net/proxy85d9.json]
[hypixel.net/members/unsquarable.9/index.html]
[hypixel.net/proxy2b8d.json]
[hypixel.net/threads/50-000-subscribers-on-youtube.172/index.html]
[hypixel.net/proxyff56.json]
[hypixel.net/members/simon.1/index.html]
[hypixel.net/proxy2527.json]
[hypixel.net/threads/gazamo-joins-hypixel.130/index.html]
[hypixel.net/proxy315c.json]
[hypixel.net/attachments/1662557569332-png.3086227/index.html]
[hypixel.net/attachments/1662557633167-png.3086228/index.html]
[hypixel.net/threads/website-is-now-open-in-alpha-state.3/index.html]
[hypixel.net/attachments/1662673250501-png.3087311/index.html]
[hypixel.net/attachments/1662673219281-png.3087309/index.html]
[hypixel.net/proxydb64.json]
[hypixel.net/attachments/1662982918104-png.3090607/index.html]
[hypixel.net/proxye019.json]
[hypixel.net/proxy3621.json]
[hypixel.net/proxy132e.json]
[hypixel.net/members/gogeta.7923/index.html]
[hypixel.net/proxy2815.json]
[hypixel.net/members/puppy0cam.217728/index.html]
[forumassets.hypixel.net/data/avatars/m/78/78899aae6.jpg]
[hypixel.net/members/itz0gi.1465441/index.html]
[hypixel.net/members/b0rf.1731189/index.html]
[forumassets.hypixel.net/data/avatars/m/5326/5326660b8aa.jpg]
[hypixel.net/player/Kylomax.html]
[hypixel.net/guild/TOH is pog.html]
[hypixel.net/attachments/1662983583300-png.3090619/index.html]
[hypixel.net/threads/in-case-you-missed-it-2.5091203/#post-36657139]
[forumassets.hypixel.net/data/avatars/m/3933/39332895965.jpg]
[hypixel.net/player/ARISINGS.html]
[hypixel.net/guild/2091752.html]
[hypixel.net/members/housing.4711783/index.html]
[hypixel.net/members/mitskifan.2812306/index.html]
[forumassets.hypixel.net/data/avatars/m/4723/4723562c000.jpg]
[hypixel.net/player/ultra_hamstern.html]
[hypixel.net/members/ixnoah.1558247/index.html]
[forumassets.hypixel.net/data/avatars/m/2369/23696788641.jpg]
[hypixel.net/player/Steve1483.html]
[hypixel.net/guild/TheSkyHards.html]
[hypixel.net/attachments/1663068296030-png.3091270/index.html]
[forumassets.hypixel.net/data/avatars/m/3816/3816448fecb.jpg]
[hypixel.net/threads/in-case-you-missed-it-2.5091203/#post-36657160]
[forumassets.hypixel.net/data/avatars/m/1285/12859736882.jpg]
[hypixel.net/members/tobost06.3625763/index.html]
[hypixel.net/members/strangemango.2979716/index.html]
[forumassets.hypixel.net/data/avatars/m/1102/11029631056.jpg]
[hypixel.net/player/mlgboi.html]
[hypixel.net/members/avydragon.2350061/index.html]
[hypixel.net/members/doomsayer.3750516/index.html]
[forumassets.hypixel.net/data/avatars/m/2496/24964111d83.jpg]
[hypixel.net/members/fayfaypumps.5476397/index.html]
[hypixel.net/player/KopperKangaroo.html]
[hypixel.net/guild/Gremlins Of Heinz.html]
[hypixel.net/members/vurrn.5067035/index.html]
[forumassets.hypixel.net/data/avatars/m/3529/35292365267.jpg]
[hypixel.net/player/Piccaxe.html]
[hypixel.net/guild/Spookasem.html]
[hypixel.net/members/thetrashcell.5957180/index.html]
[forumassets.hypixel.net/data/avatars/m/4058/4058196d325.jpg]
[hypixel.net/player/tuffalo.html]
[forumassets.hypixel.net/data/avatars/m/3270/3270837a57f.jpg]
[hypixel.net/player/indigo_polecat.html]
[hypixel.net/guild/Indigos Infiltrators.html]
[hypixel.net/members/thatrandomnova.3867000/index.html]
[hypixel.net/members/turblue.2505806/index.html]
[forumassets.hypixel.net/data/avatars/m/1431/1431826313f.jpg]
[hypixel.net/player/Messisteve.html]
[hypixel.net/search/10830754/index.html]
[hypixel.net/guild/Mini Squid.html]
[hypixel.net/members/hotkeq.1879119/index.html]
[forumassets.hypixel.net/data/avatars/m/654/6547317f41.jpg]
[hypixel.net/player/pqnos.html]
[hypixel.net/guild/The Foundation.html]
[forumassets.hypixel.net/data/avatars/m/4335/4335960c687.jpg]
[hypixel.net/player/hvrricane.html]
[hypixel.net/guild/SkyKings Diamond.html]
[forumassets.hypixel.net/data/avatars/m/3591/359190092cf.jpg]
[hypixel.net/player/KingOfLemons.html]
[hypixel.net/guild/Chill Guild.html]
[forumassets.hypixel.net/data/avatars/m/3358/33581693d8e.jpg]
[hypixel.net/members/lunar_.2788890/index.html]
[hypixel.net/player/Permfrost.html]
[hypixel.net/guild/SBNOfficial.html]
[forumassets.hypixel.net/data/avatars/m/2295/22954465f74.jpg]
[hypixel.net/player/ImaDoofus.html]
[forumassets.hypixel.net/data/avatars/m/3660/3660457bd3a.jpg]
[hypixel.net/player/Oakgod.html]
[hypixel.net/guild/UwUgangOwO.html]
[forumassets.hypixel.net/data/avatars/m/4183/41839330132.jpg]
[hypixel.net/player/ffishe.html]
[hypixel.net/guild/Fishe.html]
[hypixel.net/threads/in-case-you-missed-it-2.5091203/#post-36657310]
[forumassets.hypixel.net/data/avatars/s/43/438024b09.jpg]
[hypixel.net/threads/skywars-bug-fixes-qol-balancing-update.5077132/page-6.html]
[hypixel.net/members/denos.1802491/index.html]
[hypixel.net/threads/dev-blog-11-optimizing-reports-with-machine-learning.5065246/page-11.html]
[hypixel.net/members/des.1340627/index.html]
[hypixel.net/members/epicenderdragon.1535062/index.html]
[forumassets.hypixel.net/data/avatars/s/4134/413403848a9.jpg]
[forumassets.hypixel.net/data/avatars/s/5498/5498557a895.jpg]
[hypixel.net/threads/in-case-you-missed-it-2.5091203/-/index.rss]
[hypixel.net/threads/in-case-you-missed-it-2.5091203/index.html]
[hypixel.net/members/ayeza.2246939/index.html]
[hypixel.net/members/amgo.2827468/index.html]
[hypixel.net/threads/in-case-you-missed-it.4904005/#post-35347175]
[hypixel.net/proxydc6d.json]
[hypixel.net/proxy9f58.json]
[hypixel.net/proxy7ee0.json]
[hypixel.net/proxyc2c7.json]
[hypixel.net/members/laqqy.904118/index.html]
[hypixel.net/proxybc4d.json]
[hypixel.net/members/purplepeanut.2399292/index.html]
[hypixel.net/proxy9f10.json]
[hypixel.net/members/bolater.2810528/index.html]
[hypixel.net/proxy451b.json]
[hypixel.net/proxy9485.json]
[hypixel.net/proxye2bb.json]
[hypixel.net/members/aviciifi.867013/index.html]
[hypixel.net/proxyfe41.json]
[hypixel.net/proxyf9bc.json]
[hypixel.net/proxya38d.json]
[hypixel.net/members/olciapro.2796228/index.html]
[hypixel.net/proxy0ae9.json]
[hypixel.net/proxya433.json]
[hypixel.net/proxy5955.json]
[hypixel.net/proxya22c.json]
[hypixel.net/members/pradesian.2562773/index.html]
[hypixel.net/proxyea8c.json]
[hypixel.net/members/nohaxjustandrei.2752017/index.html]
[hypixel.net/proxy9adc.json]
[hypixel.net/proxy5f2f.json]
[hypixel.net/proxy929c.json]
[hypixel.net/members/doggo_leader.2257802/index.html]
[hypixel.net/proxy42bc.json]
[hypixel.net/proxy0fd0.json]
[hypixel.net/members/cour.2318948/index.html]
[hypixel.net/proxy2a20.json]
[hypixel.net/proxy68fc.json]
[hypixel.net/proxy5c5f.json]
[hypixel.net/threads/july-28-auction-house-maximum-bid-limit-increase.5048864/index.html]
[hypixel.net/proxy86f7.json]
[hypixel.net/threads/august-5-chili-pepper-update.5057174/index.html]
[hypixel.net/attachments/hex-gif.3085477/index.html]
[hypixel.net/proxy9bf7.json]
[hypixel.net/threads/1-0-design-thread-8-rng-and-combat.5075318/index.html]
[hypixel.net/threads/august-27-maddox-is-mad.5091190/index.html]
[hypixel.net/threads/september-6-mobys-fishing-speed-chumpdate.5103151/index.html]
[hypixel.net/attachments/chum-png.3088844/index.html]
[hypixel.net/threads/september-8-test-of-control-skyblock-dojo-challenge.5104568/index.html]
[hypixel.net/proxyd3d2.json]
[hypixel.net/attachments/wool-lobby-png.3084102/index.html]
[hypixel.net/threads/removal-of-ranked-skywars.4986767/index.html]
[hypixel.net/attachments/sw-lobby-png.3084110/index.html]
[hypixel.net/attachments/hypixel-dropper-png.3084095/index.html]
[hypixel.net/proxyff43.json]
[hypixel.net/attachments/vampirez-png.3084106/index.html]
[hypixel.net/attachments/summer2022_thumbnail-png.3084096/index.html]
[hypixel.net/proxy0cdb.json]
[hypixel.net/threads/june-22-recent-bug-fixes.4991452/index.html]
[hypixel.net/proxyeee1.json]
[hypixel.net/threads/july-27-bug-fixes.5027517/index.html]
[hypixel.net/threads/august-19-patch-0-14-bug-fixes.5079442/index.html]
[hypixel.net/threads/august-23-patch-0-14-bug-fixes-2.5085178/index.html]
[hypixel.net/threads/august-27-patch-0-14-bug-fixes-3-trilogy-complete.5090234/index.html]
[hypixel.net/threads/update-chat-filter-changes.5005746/index.html]
[hypixel.net/attachments/profanity-png.3085476/index.html]
[hypixel.net/proxy470d.json]
[hypixel.net/threads/update-new-report-option-signs-holograms.5095006/index.html]
[hypixel.net/attachments/worldreport-png.3085478/index.html]
[hypixel.net/proxy1b1f.json]
[hypixel.net/threads/update-skyblock-rules-policies-changes.4925817/index.html]
[hypixel.net/threads/update-removal-of-microsoft-account-migration-requirement.5026552/index.html]
[hypixel.net/proxy6c5d.json]
[hypixel.net/threads/skyblock-nerds-application-form.4276987/index.html]
[hypixel.net/threads/in-memoriam-technoblade.5007404/index.html]
[hypixel.net/members/arisings.3933289/index.html]
[hypixel.net/members/weirdhamster.4723562/index.html]
[hypixel.net/proxy6593.json]
[hypixel.net/members/fatpigeon.3816448/index.html]
[hypixel.net/proxy20df.json]
[hypixel.net/members/kopperkangaroo.2496411/index.html]
[hypixel.net/proxy9309.json]
[hypixel.net/members/piccaxe.3529236/index.html]
[hypixel.net/threads/in-case-you-missed-it.4904005/page-3.html]
[hypixel.net/members/messisteve.1431826/index.html]
[hypixel.net/threads/in-case-you-missed-it.4904005/page-4.html]
[hypixel.net/threads/in-case-you-missed-it.4904005/page-5.html]
[forumassets.hypixel.net/data/avatars/m/1804/18045691fce.jpg]
[hypixel.net/player/doorky.html]
[hypixel.net/threads/in-case-you-missed-it.4904005/#post-35600937]
[forumassets.hypixel.net/data/avatars/m/2562/25629245263.jpg]
[hypixel.net/player/Dwaqons.html]
[hypixel.net/guild/NoobieChildren.html]
[hypixel.net/threads/in-case-you-missed-it.4904005/#post-35600941]
[forumassets.hypixel.net/data/avatars/m/4874/4874496f988.jpg]
[hypixel.net/player/IcyTheApple.html]
[hypixel.net/guild/Hypixel Christians.html]
[hypixel.net/threads/in-case-you-missed-it.4904005/#post-35600955]
[forumassets.hypixel.net/data/avatars/m/507/5076643ff8.jpg]
[hypixel.net/player/muzak23.html]
[hypixel.net/guild/0verP0wered.html]
[hypixel.net/members/hvrricane.4335960/index.html]
[hypixel.net/members/kingoflemons.3591900/index.html]
[forumassets.hypixel.net/data/avatars/m/3134/3134470c78e.jpg]
[hypixel.net/members/imfrost.3358169/index.html]
[hypixel.net/player/jackuw.html]
[hypixel.net/members/imadoofus.2295446/index.html]
[forumassets.hypixel.net/data/avatars/m/5760/57603308be2.jpg]
[hypixel.net/player/01BlueJ]
[hypixel.net/members/oakgod.3660457/index.html]
[hypixel.net/guild/SkyBlock Forums.html]
[forumassets.hypixel.net/data/avatars/m/4452/4452144ae7e.jpg]
[hypixel.net/player/Alebrazil.html]
[hypixel.net/members/fisheeeeeeeeeeeeeeeeeeeee.4183933/index.html]
[hypixel.net/guild/nilou.html]
[forumassets.hypixel.net/data/avatars/m/2402/2402617c92b.jpg]
[hypixel.net/player/Troopas.html]
[hypixel.net/threads/in-case-you-missed-it.4904005/#post-35600994]
[hypixel.net/members/timeforfrog.4134038/index.html]
[forumassets.hypixel.net/data/avatars/m/4078/40785451e82.jpg]
[hypixel.net/members/weirdfrog.5498557/index.html]
[hypixel.net/player/DeniseLikesToes.html]
[hypixel.net/guild/meflio lovers.html]
[forumassets.hypixel.net/data/avatars/m/5914/5914939fa01.jpg]
[hypixel.net/threads/in-case-you-missed-it.4904005/#post-35601018]
[forumassets.hypixel.net/data/avatars/m/3066/30669210545.jpg]
[hypixel.net/attachments/render-png.2970660/index.html]
[hypixel.net/player/gavigogogogo.html]
[hypixel.net/threads/official-hypixel-skyblock-wiki-released.4851087/index.html]
[forumassets.hypixel.net/data/avatars/m/1970/197028795a0.jpg]
[hypixel.net/threads/april-1-tool-reforges-patch.4887972/index.html]
[hypixel.net/player/Endistic.html]
[hypixel.net/threads/april-18-qol-bug-fixes.4905729/index.html]
[hypixel.net/guild/SeeminglyV2.html]
[hypixel.net/threads/april-25-rusty-unleashed.4923390/index.html]
[hypixel.net/threads/in-case-you-missed-it.4904005/#post-35601027]
[hypixel.net/threads/new-ptl-game-wool-wars.4606663/index.html]
[forumassets.hypixel.net/data/avatars/m/3857/385716291f4.jpg]
[hypixel.net/attachments/render2-png.2970662/index.html]
[hypixel.net/threads/wool-wars-v0-2-layout-editor-new-maps-balance-changes-more.4876717/index.html]
[hypixel.net/threads/wool-wars-0-3-update-new-maps-new-class-more.4884582/index.html]
[hypixel.net/player/VanishingPoint7.html]
[hypixel.net/threads/wool-wars-0-4-update-bug-fixes-balance-changes-more.4895799/index.html]
[hypixel.net/guild/Cosmic Stars.html]
[forumassets.hypixel.net/data/avatars/s/4183/41839330132.jpg]
[hypixel.net/threads/wool-wars-0-5-update-new-class-balance-changes.4927393/index.html]
[hypixel.net/attachments/bed-wars-jpg.2981649/index.html]
[hypixel.net/threads/wool-wars-0-6-update-new-class-more-balance-changes.4938225/index.html]
[forumassets.hypixel.net/data/avatars/s/4703/4703163f6bb.jpg]
[hypixel.net/threads/bed-wars-map-update-16-new-maps.4883302/index.html]
[forumassets.hypixel.net/data/avatars/s/3641/3641252ccfe.jpg]
[hypixel.net/attachments/cvc-png.2975315/index.html]
[hypixel.net/threads/cvc-update-new-mode-gun-game.4853203/index.html]
[hypixel.net/threads/smash-heroes-patch-january-2022.4749421/index.html]
[hypixel.net/attachments/bedwars-tourney-png.2981656/index.html]
[hypixel.net/attachments/smash-png.2973616/index.html]
[hypixel.net/threads/hypixel-tournaments-bed-wars-doubles.4847523/index.html]
[hypixel.net/threads/in-case-you-missed-it.4904005/-/index.rss]
[hypixel.net/threads/in-case-you-missed-it.4904005/index.html]
[hypixel.net/attachments/easter-png.2973895/index.html]
[hypixel.net/threads/bed-wars-doubles-tournament-results.4876572/index.html]
[hypixel.net/members/pensul.78899/index.html]
[hypixel.net/threads/valentines-day-is-around-the-corner.4818064/index.html]
[hypixel.net/threads/easter-event-on-hypixel.4903080/index.html]
[hypixel.net/threads/happy-9th-anniversary-to-the-hypixel-server.4905129/index.html]
[hypixel.net/threads/skywars-bug-fixes-january-2022.4355213/index.html]
[hypixel.net/threads/pixel-party-v1-0-release-to-arcade-games.5101268/page-2.html]
[hypixel.net/threads/bug-fixes-january-2022.4663306/index.html]
[hypixel.net/attachments/bugjar-png.2981660/index.html]
[hypixel.net/threads/bug-fixes-february-2022.4784665/index.html]
[hypixel.net/threads/main-lobby-new-activities-achievements-and-more.4887629/index.html]
[hypixel.net/attachments/main-png.2973959/index.html]
[hypixel.net/attachments/lunar_sprays-png.2973887/index.html]
[hypixel.net/threads/translation-update-ukrainian-and-norwegian.4886201/index.html]
[hypixel.net/threads/update-hypixel-rules-policies-changes.4875770/index.html]
[hypixel.net/attachments/dog-png.2973925/index.html]
[hypixel.net/threads/update-mandatory-microsoft-account-migration.4805155/index.html]
[hypixel.net/threads/requiring-linked-accounts-to-use-the-forums.4903859/index.html]
[hypixel.net/threads/forum-moderation-insights-and-updates.4294289/index.html]
[hypixel.net/threads/update-to-bug-reports.4835541/index.html]
[hypixel.net/threads/pixel-party-v1-0-release-to-arcade-games.5101268/#post-36610704]
[hypixel.net/threads/sharing-a-clip.4761583/index.html]
[forumassets.hypixel.net/data/avatars/m/377/37769606be.jpg]
[hypixel.net/threads/pixel-party-v1-0-release-to-arcade-games.5101268/page-3.html]
[hypixel.net/members/icytheapple.4874496/index.html]
[hypixel.net/members/muzak23.507664/index.html]
[forumassets.hypixel.net/data/avatars/m/4723/4723503c8ff.jpg]
[hypixel.net/members/jackuw.3134470/index.html]
[hypixel.net/members/01bluej.5760330/index.html]
[hypixel.net/members/alebrazii.4452144/index.html]
[forumassets.hypixel.net/data/avatars/m/2392/23929473617.jpg]
[hypixel.net/player/75th.html]
[hypixel.net/guild/OUT.html]
[hypixel.net/threads/pixel-party-v1-0-release-to-arcade-games.5101268/#post-36624730]
[forumassets.hypixel.net/data/avatars/m/2162/2162827726b.jpg]
[hypixel.net/player/Dadje.html]
[hypixel.net/threads/pixel-party-v1-0-release-to-arcade-games.5101268/#post-36624734]
[forumassets.hypixel.net/data/avatars/m/2232/2232744fbb3.jpg]
[hypixel.net/player/mr0gan.html]
[hypixel.net/threads/pixel-party-v1-0-release-to-arcade-games.5101268/#post-36624738]
[forumassets.hypixel.net/data/avatars/m/4436/4436712faec.jpg]
[hypixel.net/player/JustAPer5on.html]
[hypixel.net/guild/Notorious For Nothing.html]
[hypixel.net/threads/pixel-party-v1-0-release-to-arcade-games.5101268/#post-36624744]
[hypixel.net/threads/pixel-party-v1-0-release-to-arcade-games.5101268/#post-36624745]
[forumassets.hypixel.net/data/avatars/m/3714/371425449aa.jpg]
[hypixel.net/player/zerelion.html]
[hypixel.net/guild/Muddy Misery.html]
[forumassets.hypixel.net/data/avatars/m/990/990316a8f5.jpg]
[hypixel.net/player/Axelocity.html]
[hypixel.net/guild/Salmons.html]
[hypixel.net/members/oneconfigbestclient.4078545/index.html]
[forumassets.hypixel.net/data/avatars/m/5189/51894083311.jpg]
[hypixel.net/player/A_BEEPer.html]
[hypixel.net/threads/pixel-party-v1-0-release-to-arcade-games.5101268/#post-36624754]
[forumassets.hypixel.net/data/avatars/m/1854/1854520e1aa.jpg]
[hypixel.net/player/xOverMC.html]
[hypixel.net/guild/The Blossom Tree.html]
[forumassets.hypixel.net/data/avatars/m/1727/17279719626.jpg]
[hypixel.net/members/endistic.1970287/index.html]
[hypixel.net/player/edaniel557YT.html]
[hypixel.net/members/xraide.3857162/index.html]
[forumassets.hypixel.net/data/avatars/m/4360/43600929e05.jpg]
[hypixel.net/player/GIRLBOSSGORI.html]
[hypixel.net/guild/monkey eating banana.html]
[hypixel.net/threads/i-was-given-a-cape-which-i-wasnt-qualified-for.5099188/index.html]
[forumassets.hypixel.net/data/avatars/m/5099/50995705036.jpg]
[hypixel.net/guild/Skyblock Maffia.html]
[forumassets.hypixel.net/data/avatars/s/4863/486339043cd.jpg]
[hypixel.net/threads/breaking-news-daily-news-part-22.5101816/index.html]
[forumassets.hypixel.net/data/avatars/s/5099/50995705036.jpg]
[hypixel.net/threads/when-will-pixel-party-release-2-edit-it-released.5101633/#post-36624857]
[hypixel.net/attachments/rolling-colors-gif.3084264/index.html]
[hypixel.net/attachments/blizzard-gif.3084272/index.html]
[forumassets.hypixel.net/data/avatars/s/3711/37111327672.jpg]
[hypixel.net/attachments/colorblind-gif.3084278/index.html]
[forumassets.hypixel.net/data/avatars/s/3849/3849441e8fa.jpg]
[hypixel.net/threads/pixel-party-1-0-release-quick-feedback.5103431/#post-36636176]
[hypixel.net/threads/pixel-party-v1-0-release-to-arcade-games.5101268/index.html]
[hypixel.net/members/hypixel-team.377696/index.html]
[hypixel.net/threads/skywars-bug-fixes-qol-balancing-update.5077132/index.html]
[hypixel.net/members/dadje.2162827/index.html]
[hypixel.net/members/axelocity.990316/index.html]
[hypixel.net/members/zerelion.3714254/index.html]
[hypixel.net/members/justaper5on.4436712/index.html]
[hypixel.net/members/flexagonshaped.5189408/index.html]
[hypixel.net/threads/skywars-update-balancing-qol-a-grim-reaper-and-more.5003770/page-2.html]
[hypixel.net/members/edaniel557.1727971/index.html]
[hypixel.net/members/gamebuster1.5099570/index.html]
[hypixel.net/members/m_ilien.4863390/index.html]
[forumassets.hypixel.net/data/avatars/m/1793/1793253c5ff.jpg]
[hypixel.net/threads/pixel-party-achievements-points.5107210/index.html]
[hypixel.net/threads/when-will-pixel-party-release-2-edit-it-released.5101633/index.html]
[forumassets.hypixel.net/data/avatars/m/1963/1963743869c.jpg]
[hypixel.net/player/Guttor.html]
[hypixel.net/guild/New Beginnings.html]
[hypixel.net/player/rasmusaj2.html]
[hypixel.net/threads/skywars-update-balancing-qol-a-grim-reaper-and-more.5003770/#post-36372540]
[forumassets.hypixel.net/data/avatars/m/3057/30576823411.jpg]
[hypixel.net/player/technah.html]
[hypixel.net/guild/Divine Kings.html]
[hypixel.net/members/toot8008.3711132/index.html]
[hypixel.net/members/ritmos.3849441/index.html]
[forumassets.hypixel.net/data/avatars/m/4957/4957768c01d.jpg]
[hypixel.net/player/MrKhel.html]
[hypixel.net/threads/pixel-party-1-0-release-quick-feedback.5103431/index.html]
[hypixel.net/guild/Samaritan.html]
[hypixel.net/attachments/reaper-png.3056806/index.html]
[forumassets.hypixel.net/data/avatars/m/904/9049282ba6.jpg]
[hypixel.net/player/RRBuilder.html]
[hypixel.net/attachments/angels-brewery-png.3041235/index.html]
[hypixel.net/guild/Legion Of Super Evil.html]
[hypixel.net/threads/skywars-update-balancing-qol-a-grim-reaper-and-more.5003770/#post-36372546]
[forumassets.hypixel.net/data/avatars/m/4014/4014874b525.jpg]
[hypixel.net/player/xTomCat.html]
[hypixel.net/attachments/chronobreaker-png.3056807/index.html]
[hypixel.net/guild/Cowshed.html]
[forumassets.hypixel.net/data/avatars/m/2987/298745842f8.jpg]
[hypixel.net/player/MartinBeLike.html]
[hypixel.net/attachments/cryomancer-png.3056808/index.html]
[hypixel.net/guild/XandaSquad.html]
[hypixel.net/threads/skywars-update-balancing-qol-a-grim-reaper-and-more.5003770/#post-36372551]
[forumassets.hypixel.net/data/avatars/m/1877/18771776296.jpg]
[hypixel.net/player/kipanator.html]
[hypixel.net/attachments/perk-slots-png.3055833/index.html]
[hypixel.net/guild/Communist Ottoman Empire.html]
[forumassets.hypixel.net/data/avatars/m/3025/30254104bad.jpg]
[hypixel.net/player/TerraFunny.html]
[hypixel.net/attachments/sw-lobby-png.3059923/index.html]
[hypixel.net/threads/skywars-update-balancing-qol-a-grim-reaper-and-more.5003770/#post-36372556]
[hypixel.net/attachments/aelle-png.3059913/index.html]
[forumassets.hypixel.net/data/avatars/m/1286/1286160f972.jpg]
[hypixel.net/attachments/ancient-png.3059918/index.html]
[hypixel.net/threads/skywars-update-balancing-qol-a-grim-reaper-and-more.5003770/#post-36372557]
[hypixel.net/attachments/bonsai-png.3059906/index.html]
[forumassets.hypixel.net/data/avatars/m/5033/50333024317.jpg]
[hypixel.net/attachments/deadland-png.3059915/index.html]
[hypixel.net/player/Fanibus.html]
[hypixel.net/guild/Macaques.html]
[hypixel.net/attachments/deserted-dunes-png.3059904/index.html]
[hypixel.net/threads/skywars-update-balancing-qol-a-grim-reaper-and-more.5003770/#post-36372559]
[hypixel.net/attachments/glacier-png.3059916/index.html]
[forumassets.hypixel.net/data/avatars/m/2703/2703732f46a.jpg]
[hypixel.net/player/Tiget.html]
[hypixel.net/attachments/metari-png.3059909/index.html]
[hypixel.net/guild/Skillless.html]
[hypixel.net/threads/skywars-update-balancing-qol-a-grim-reaper-and-more.5003770/#post-36372563]
[hypixel.net/attachments/stronghold-png.3059914/index.html]
[hypixel.net/attachments/waititi-png.3059908/index.html]
[hypixel.net/player/GIRLBOSSNOAH.html]
[hypixel.net/threads/skywars-update-balancing-qol-a-grim-reaper-and-more.5003770/#post-36372566]
[hypixel.net/attachments/workshop-png.3059917/index.html]
[forumassets.hypixel.net/data/avatars/m/3644/3644457a377.jpg]
[hypixel.net/player/Udiches.html]
[hypixel.net/guild/Astern.html]
[forumassets.hypixel.net/data/avatars/m/932/932247b586.jpg]
[hypixel.net/members/1793253/index.html]
[hypixel.net/player/xRyann_.html]
[forumassets.hypixel.net/data/avatars/m/2745/2745399b241.jpg]
[hypixel.net/guild/c i e l o.html]
[forumassets.hypixel.net/data/avatars/s/14/14325e43d.jpg]
[hypixel.net/threads/housing-update-functions-global-stats-inventory-layouts-and-more.5071539/page-6.html]
[hypixel.net/threads/housing-update-functions-global-stats-inventory-layouts-and-more.5071539/page-7.html]
[forumassets.hypixel.net/data/avatars/s/3449/34493587cac.jpg]
[hypixel.net/threads/skywars-update-balancing-qol-a-grim-reaper-and-more.5003770/index.html]
[forumassets.hypixel.net/data/profile_banners/l/43/43802b69e.jpg]
[forumassets.hypixel.net/data/avatars/o/43/438024b09.jpg]
[forumassets.hypixel.net/data/avatars/l/43/438024b09.jpg]
[hypixel.net/members/rapidthenerd.43802/ratings9fbd.html]
[hypixel.net/members/technor8.3057682/index.html]
[hypixel.net/members/rapidthenerd.43802/recent-content.html]
[hypixel.net/members/rapidthenerd.43802/about.html]
[forumassets.hypixel.net/data/avatars/m/1387/138748173e2.jpg]
[forumassets.hypixel.net/data/avatars/l/1387/138748173e2.jpg]
[forumassets.hypixel.net/data/avatars/s/1901/19017869433.jpg]
[forumassets.hypixel.net/data/avatars/m/3849/3849441e8fa.jpg]
[forumassets.hypixel.net/data/avatars/l/3849/3849441e8fa.jpg]
[hypixel.net/members/_tomcat_.4014874/index.html]
[forumassets.hypixel.net/data/avatars/m/4170/4170473c729.jpg]
[hypixel.net/members/martinbelike.2987458/index.html]
[forumassets.hypixel.net/data/avatars/l/4170/4170473c729.jpg]
[hypixel.net/members/kipanator.1877177/index.html]
[hypixel.net/profile-posts/1757566/reactions829c.html]
[hypixel.net/members/terrafunny.3025410/index.html]
[forumassets.hypixel.net/data/avatars/m/4164/41643702a11.jpg]
[hypixel.net/members/melae.1286160/index.html]
[forumassets.hypixel.net/data/avatars/l/4164/41643702a11.jpg]
[forumassets.hypixel.net/data/avatars/m/4396/4396696b3ec.jpg]
[forumassets.hypixel.net/data/avatars/l/4396/4396696b3ec.jpg]
[forumassets.hypixel.net/data/avatars/m/3529/3529444628b.jpg]
[hypixel.net/members/tiget.2703732/index.html]
[forumassets.hypixel.net/data/avatars/l/3529/3529444628b.jpg]
[hypixel.net/members/udiches.3644457/index.html]
[forumassets.hypixel.net/data/avatars/m/5964/59646241c14.jpg]
[hypixel.net/members/xryann_.932247/index.html]
[forumassets.hypixel.net/data/avatars/l/5964/59646241c14.jpg]
[forumassets.hypixel.net/data/avatars/m/4919/4919403ecac.jpg]
[hypixel.net/members/dreaminq.2745399/index.html]
[forumassets.hypixel.net/data/avatars/l/4919/4919403ecac.jpg]
[hypixel.net/members/emeraldman.3449358/index.html]
[forumassets.hypixel.net/data/avatars/m/3440/34403011a32.jpg]
[hypixel.net/members/uiomancannot.910800/index.html]
[forumassets.hypixel.net/data/avatars/l/3440/34403011a32.jpg]
[forumassets.hypixel.net/data/avatars/s/3502/3502757ba29.jpg]
[hypixel.net/threads/tao-minigame-qol.5116222/index.html]
[forumassets.hypixel.net/data/avatars/m/3778/37786855633.jpg]
[forumassets.hypixel.net/data/avatars/l/3778/37786855633.jpg]
[forumassets.hypixel.net/data/avatars/l/1877/18771776296.jpg]
[hypixel.net/search/10830764/index.html]
[forumassets.hypixel.net/data/avatars/m/5593/5593792fcdb.jpg]
[forumassets.hypixel.net/data/avatars/l/5593/5593792fcdb.jpg]
[forumassets.hypixel.net/data/avatars/m/4066/406644765c5.jpg]
[forumassets.hypixel.net/data/avatars/l/4066/406644765c5.jpg]
[hypixel.net/members/ibrahim.1387481/index.html]
[forumassets.hypixel.net/data/avatars/l/3066/30669210545.jpg]
[forumassets.hypixel.net/data/avatars/m/4074/407432364ad.jpg]
[forumassets.hypixel.net/data/avatars/l/4074/407432364ad.jpg]
[hypixel.net/members/probot.1901786/index.html]
[forumassets.hypixel.net/data/avatars/m/3408/340852167d6.jpg]
[forumassets.hypixel.net/data/avatars/l/3408/340852167d6.jpg]
[hypixel.net/members/raspberry_rabe.5913843/index.html]
[forumassets.hypixel.net/data/avatars/s/2141/21418462333.jpg]
[forumassets.hypixel.net/data/avatars/m/5429/5429653c2a8.jpg]
[forumassets.hypixel.net/data/avatars/l/5429/5429653c2a8.jpg]
[forumassets.hypixel.net/data/avatars/s/4089/4089166bd8d.jpg]
[hypixel.net/members/rapidthenerd.43802/page-3.html]
[hypixel.net/members/rapidthenerd.43802/page-68.html]
[hypixel.net/members/multicha.4170473/index.html]
[hypixel.net/members/rapidthenerd.43802/-/index.rss]
[hypixel.net/members/rapidthenerd.43802/index.html]
[hypixel.net/threads/dev-blog-11-optimizing-reports-with-machine-learning.5065246/#post-36372941]
[forumassets.hypixel.net/data/avatars/m/751/7514944443.jpg]
[hypixel.net/player/Proofreader.html]
[hypixel.net/guild/Fratt House.html]
[forumassets.hypixel.net/data/avatars/m/2000/200069199e1.jpg]
[hypixel.net/player/Amony.html]
[hypixel.net/members/digitalt4.5964624/index.html]
[forumassets.hypixel.net/data/avatars/m/2607/2607895ffca.jpg]
[hypixel.net/player/MoreLikes.html]
[forumassets.hypixel.net/data/avatars/m/2492/249267060a6.jpg]
[hypixel.net/members/3ppopka.4919403/index.html]
[hypixel.net/player/Xervro.html]
[forumassets.hypixel.net/data/avatars/m/2209/2209971115f.jpg]
[hypixel.net/player/Fujoshi.html]
[hypixel.net/guild/BFGTeam.html]
[forumassets.hypixel.net/data/avatars/m/3725/3725628e070.jpg]
[hypixel.net/player/Im_an_eejit.html]
[hypixel.net/guild/HSBW.html]
[hypixel.net/members/deathviacreeper.3502757/index.html]
[forumassets.hypixel.net/data/avatars/m/4750/47504358d84.jpg]
[hypixel.net/player/procastinate.html]
[hypixel.net/guild/Musicians.html]
[forumassets.hypixel.net/data/avatars/m/3190/319071886ba.jpg]
[hypixel.net/player/ZAguys.html]
[forumassets.hypixel.net/data/avatars/m/2612/2612494ac97.jpg]
[hypixel.net/members/quizmist.3778685/index.html]
[hypixel.net/player/TheNoobCharizard.html]
[hypixel.net/player/LaneS2003.html]
[hypixel.net/members/laixx.5593792/index.html]
[forumassets.hypixel.net/data/avatars/m/3184/3184401137b.jpg]
[hypixel.net/player/ImNezz.html]
[forumassets.hypixel.net/data/avatars/m/2396/23969641a56.jpg]
[hypixel.net/player/Ollie_de_Leeuw.html]
[hypixel.net/members/suresloth.4074323/index.html]
[forumassets.hypixel.net/data/avatars/m/5356/5356871eeab.jpg]
[hypixel.net/members/rifter_.3408521/index.html]
[hypixel.net/threads/dev-blog-11-optimizing-reports-with-machine-learning.5065246/-/index.rss]
[hypixel.net/threads/dev-blog-11-optimizing-reports-with-machine-learning.5065246/index.html]
[hypixel.net/members/hauber.2141846/index.html]
[hypixel.net/members/lazycow520.5429653/index.html]
[hypixel.net/members/inventivetalent.231840/ratings8486.html]
[hypixel.net/members/daddyvmilk.4089166/index.html]
[hypixel.net/attachments/1660051597748-png.3060652/index.html]
[hypixel.net/attachments/1660051627211-png.3060653/index.html]
[hypixel.net/members/inventivetalent.231840/trophies.html]
[hypixel.net/members/inventivetalent.231840/recent-content.html]
[hypixel.net/attachments/1660051722050-png.3060654/index.html]
[forumassets.hypixel.net/data/avatars/l/4183/41839330132.jpg]
[hypixel.net/HwCJPaL0916.png]
[hypixel.net/profile-posts/1760097/reactions25d0.html]
[hypixel.net/profile-posts/1760097/reactionsbdf2.html]
[hypixel.net/attachments/1660148722425-png.3061676/index.html]
[forumassets.hypixel.net/data/avatars/m/4681/46818186281.jpg]
[forumassets.hypixel.net/data/avatars/l/4681/46818186281.jpg]
[hypixel.net/profile-posts/1757549/load-previousc88b.html]
[forumassets.hypixel.net/data/avatars/s/4681/46818186281.jpg]
[hypixel.net/attachments/1660148741311-png.3061677/index.html]
[forumassets.hypixel.net/data/avatars/s/3134/3134470c78e.jpg]
[forumassets.hypixel.net/data/avatars/m/2484/24840398030.jpg]
[forumassets.hypixel.net/data/avatars/l/2484/24840398030.jpg]
[hypixel.net/profile-posts/1757455/reactionsbdf2.html]
[forumassets.hypixel.net/data/avatars/m/3295/329551267b7.jpg]
[hypixel.net/attachments/1660816114271-gif.3068231/index.html]
[forumassets.hypixel.net/data/avatars/l/3295/329551267b7.jpg]
[forumassets.hypixel.net/data/avatars/s/4481/448152225cb.jpg]
[forumassets.hypixel.net/data/avatars/m/3658/365887273e4.jpg]
[forumassets.hypixel.net/data/avatars/l/3658/365887273e4.jpg]
[hypixel.net/members/proofreader.751494/index.html]
[forumassets.hypixel.net/data/avatars/m/3421/34214641183.jpg]
[forumassets.hypixel.net/data/avatars/l/3421/34214641183.jpg]
[twemoji.maxcdn.com/2/72x72/2665.png]
[hypixel.net/members/amony.2000691/index.html]
[hypixel.net/members/morelikes.2607895/index.html]
[hypixel.net/profile-posts/1746730/reactions25d0.html]
[hypixel.net/members/zhudson.2492670/index.html]
[forumassets.hypixel.net/data/avatars/l/4874/4874496f988.jpg]
[hypixel.net/members/kinako.2209971/index.html]
[hypixel.net/profile-posts/1736169/reactions25d0.html]
[forumassets.hypixel.net/data/avatars/m/3351/3351481c6e5.jpg]
[hypixel.net/members/zaguys.3190718/index.html]
[forumassets.hypixel.net/data/avatars/l/3351/3351481c6e5.jpg]
[hypixel.net/attachments/1661782365191-png.3079032/index.html]
[forumassets.hypixel.net/data/avatars/s/5491/549146854d6.jpg]
[forumassets.hypixel.net/data/avatars/m/4010/40107181ce9.jpg]
[hypixel.net/members/thenoobcharizard.2612494/index.html]
[forumassets.hypixel.net/data/avatars/l/4010/40107181ce9.jpg]
[forumassets.hypixel.net/data/avatars/m/4945/494586020fd.jpg]
[forumassets.hypixel.net/data/avatars/l/4945/494586020fd.jpg]
[hypixel.net/members/campdogs.4095790/index.html]
[hypixel.net/profile-posts/comments/2325981/reactions25d0.html]
[forumassets.hypixel.net/data/avatars/s/4945/494586020fd.jpg]
[forumassets.hypixel.net/data/avatars/l/5210/5210214cec9.jpg]
[hypixel.net/members/inventivetalent.231840/page-3.html]
[hypixel.net/members/inventivetalent.231840/page-4.html]
[hypixel.net/members/inventivetalent.231840/page-5.html]
[hypixel.net/members/inventivetalent.231840/-/index.rss]
[hypixel.net/members/inventivetalent.231840/index.html]
[hypixel.net/threads/mini-walls-tournament-results.5072855/page-2.html]
[hypixel.net/threads/mini-walls-tournament-results.5072855/#post-36419335]
[hypixel.net/members/imnezz.3184401/index.html]
[hypixel.net/threads/mini-walls-tournament-results.5072855/page-3.html]
[hypixel.net/members/ollie_de_leeuw.2396964/index.html]
[hypixel.net/threads/mini-walls-tournament-results.5072855/page-4.html]
[hypixel.net/threads/revised-reporting-system.5107658/index.html]
[forumassets.hypixel.net/data/avatars/m/0/646e47.jpg]
[hypixel.net/search/10830767/index.html]
[hypixel.net/player/Brano.html]
[hypixel.net/guild/Quote.html]
[forumassets.hypixel.net/data/avatars/m/2515/2515260a478.jpg]
[hypixel.net/members/scyye.4681818/index.html]
[hypixel.net/player/SeaOtterFan.html]
[forumassets.hypixel.net/data/avatars/m/2688/2688412b93f.jpg]
[hypixel.net/player/MightyFixie.html]
[hypixel.net/guild/Chillerka.html]
[forumassets.hypixel.net/data/avatars/m/1515/15153293d6d.jpg]
[hypixel.net/player/Lumenoz.html]
[hypixel.net/guild/Hypixel Knights.html]
[hypixel.net/members/zombie_man99.2484039/index.html]
[hypixel.net/player/Quapan.html]
[forumassets.hypixel.net/data/avatars/m/2165/21655551068.jpg]
[hypixel.net/members/hbrd.3295512/index.html]
[hypixel.net/player/Depex.html]
[hypixel.net/guild/skyblock and forums suck.html]
[forumassets.hypixel.net/data/avatars/m/2071/20713183d36.jpg]
[hypixel.net/player/Horest.html]
[hypixel.net/guild/TKJK.html]
[forumassets.hypixel.net/data/avatars/m/5943/5943790a49d.jpg]
[hypixel.net/player/IceeBro.html]
[hypixel.net/guild/The Moose Is Loose.html]
[hypixel.net/player/NoVictory.html]
[hypixel.net/threads/mini-walls-tournament-results.5072855/#post-36456324]
[forumassets.hypixel.net/data/avatars/m/1391/13914583323.jpg]
[hypixel.net/player/oCyph.html]
[hypixel.net/members/sdkssh.3421464/index.html]
[hypixel.net/player/Theodopolopolis.html]
[hypixel.net/guild/Kraft Dinner.html]
[forumassets.hypixel.net/data/avatars/m/750/750452fd9a.jpg]
[hypixel.net/player/notreallyasteve.html]
[hypixel.net/guild/FairyTail strongest DreamTeam.html]
[forumassets.hypixel.net/data/avatars/s/1114/11140999faa.jpg]
[hypixel.net/threads/round-1-ongoing-the-forumer-showdown-2022.5095956/page-68.html]
[hypixel.net/threads/round-1-ongoing-the-forumer-showdown-2022.5095956/page-69.html]
[forumassets.hypixel.net/data/avatars/s/1867/186750554d1.jpg]
[hypixel.net/members/unblockmeseeyayminor.5491468/index.html]
[hypixel.net/threads/final-update-forumer-showdown-stats-see-if-you-qualified.5099094/page-4.html]
[hypixel.net/members/skolus.4010718/index.html]
[hypixel.net/members/0hlit.5527841/index.html]
[hypixel.net/members/razor-sharp.4945860/index.html]
[forumassets.hypixel.net/data/avatars/s/2350/2350061c6b4.jpg]
[hypixel.net/threads/mini-walls-tournament-results.5072855/-/index.rss]
[hypixel.net/threads/mini-walls-tournament-results.5072855/index.html]
[hypixel.net/members/4l14l0nt.5566011/index.html]
[hypixel.net/members/mgaul.3619250/index.html]
[forumassets.hypixel.net/data/avatars/m/5356/535688160cf.jpg]
[hypixel.net/members/seaotterfan.2515260/index.html]
[hypixel.net/player/MDOfficial.html]
[hypixel.net/attachments/standard_6-gif.3069251/index.html]
[forumassets.hypixel.net/data/avatars/m/6128/6128711667b.jpg]
[hypixel.net/members/mightyfixie.2688412/index.html]
[hypixel.net/player/Venomous_VII.html]
[hypixel.net/threads/about-the-slime-minion-setups.5117345/#post-36735369]
[forumassets.hypixel.net/data/avatars/m/4233/423352595f1.jpg]
[hypixel.net/player/Wither_Essence.html]
[hypixel.net/guild/WTrouble Fanclub.html]
[hypixel.net/members/quapan.3427329/index.html]
[forumassets.hypixel.net/data/avatars/m/2577/2577956814b.jpg]
[hypixel.net/player/Rosiv.html]
[hypixel.net/members/tobias49.3191930/index.html]
[forumassets.hypixel.net/data/avatars/s/5274/52746900870.jpg]
[hypixel.net/members/depex.2165555/index.html]
[forumassets.hypixel.net/data/avatars/s/4147/4147348d93b.jpg]
[hypixel.net/threads/are-they-just-not-gonna-nerf-slime-soil-minion-meta.5112283/page-2.html]
[forumassets.hypixel.net/data/avatars/s/5926/592638514aa.jpg]
[forumassets.hypixel.net/data/avatars/s/3157/3157548e491.jpg]
[hypixel.net/members/horest.2071318/index.html]
[hypixel.net/threads/f7-tank-questions-returning-after-half-a-year-dont-know-anything-about-the-boss-fight.5116914/page-2.html]
[hypixel.net/threads/i-did-what-most-endgame-players-cant-do.5110681/page-2.html]
[hypixel.net/threads/i-did-what-most-endgame-players-cant-do.5110681/page-3.html]
[hypixel.net/threads/about-the-slime-minion-setups.5117345/-/index.rss]
[hypixel.net/threads/about-the-slime-minion-setups.5117345/index.html]
[hypixel.net/csscebf.css]
[forumassets.hypixel.net/data/avatars/o/5356/535688160cf.jpg]
[hypixel.net/threads/final-update-forumer-showdown-stats-see-if-you-qualified.5099094/index.html]
[forumassets.hypixel.net/data/avatars/l/5356/535688160cf.jpg]
[hypixel.net/attachments/1663715966527-png.3096348/index.html]
[hypixel.net/members/freeyze.4087375/index.html]
[hypixel.net/members/mdofficial.5356881/ratings8486.html]
[hypixel.net/members/mdofficial.5356881/recent-content.html]
[hypixel.net/members/mdofficial.5356881/about.html]
[hypixel.net/members/mdofficial.5356881/index.html]
[hypixel.net/posts/36735364/index.html]
[hypixel.net/css77f7.css]
[hypixel.net/members/elostting.5926385/index.html]
[hypixel.net/members/chank35.3157548/index.html]
[forumassets.hypixel.net/data/avatars/m/5321/5321776d15f.jpg]
[hypixel.net/threads/f7-tank-questions-returning-after-half-a-year-dont-know-anything-about-the-boss-fight.5116914/index.html]
[hypixel.net/guild/overboard.html]
[forumassets.hypixel.net/data/avatars/m/2425/242568159b3.jpg]
[hypixel.net/player/wisedrag.html]
[hypixel.net/threads/why-did-i-get-6-ore-from-one-block.5117342/#post-36735331]
[hypixel.net/player/zjjohn121110.html]
[hypixel.net/threads/i-did-what-most-endgame-players-cant-do.5110681/index.html]
[hypixel.net/search/10830772/index.html]
[forumassets.hypixel.net/data/avatars/m/811/811556d771.jpg]
[hypixel.net/player/Enderblast.html]
[hypixel.net/guild/Quacking.html]
[hypixel.net/attachments/1663715431523-png.3096346/index.html]
[forumassets.hypixel.net/data/avatars/s/3311/331159840da.jpg]
[hypixel.net/members/zjjohn121110.4605502/index.html]
[forumassets.hypixel.net/data/avatars/s/5388/5388478787f.jpg]
[hypixel.net/members/badatpvp.811556/index.html]
[hypixel.net/members/ratmogs.3311598/index.html]
[hypixel.net/members/coblt.5388478/index.html]
[forumassets.hypixel.net/data/avatars/s/1731/1731345b5ea.jpg]
[forumassets.hypixel.net/data/avatars/s/6004/6004065c2af.jpg]
[hypixel.net/threads/how-can-i-maximize-progression-with-a-low-amount-of-playtime.5116475/#post-36731452]
[forumassets.hypixel.net/data/avatars/s/4904/49043396625.jpg]
[hypixel.net/members/datmoongamer.1731345/index.html]
[forumassets.hypixel.net/data/avatars/s/3013/30133651953.jpg]
[forumassets.hypixel.net/data/avatars/s/1244/124439633e5.jpg]
[hypixel.net/threads/why-did-i-get-6-ore-from-one-block.5117342/index.html]
[hypixel.net/threads/how-can-i-maximize-progression-with-a-low-amount-of-playtime.5116475/index.html]
[hypixel.net/members/chengsi.4904339/index.html]
[hypixel.net/members/caanary.3013365/index.html]
[forumassets.hypixel.net/data/avatars/o/5321/5321776d15f.jpg]
[forumassets.hypixel.net/data/avatars/l/5321/5321776d15f.jpg]
[hypixel.net/threads/i-did-the-impossible.5116943/index.html]
[hypixel.net/search/10830774/index.html]
[hypixel.net/members/sym07.5321776/recent-content.html]
[hypixel.net/members/sym07.5321776/-/index.rss]
[hypixel.net/members/sym07.5321776/index.html]
[hypixel.net/posts/36735326/index.html]
[hypixel.net/css9bca.css]
[forumassets.hypixel.net/data/avatars/m/3528/3528668e7db.jpg]
[hypixel.net/player/MLG_Digital.html]
[hypixel.net/threads/when-will-the-brewing-stand-be-able-to-be-used-on-the-private-island.5117341/#post-36735325]
[forumassets.hypixel.net/data/avatars/m/4196/41969790dee.jpg]
[hypixel.net/player/namlaE.html]
[hypixel.net/guild/Stranded Sweats.html]
[hypixel.net/threads/when-will-the-brewing-stand-be-able-to-be-used-on-the-private-island.5117341/#post-36735344]
[forumassets.hypixel.net/data/avatars/s/3596/35968914e96.jpg]
[hypixel.net/threads/is-x-ray-bannable-in-skyblock-on-private-islands.5116790/page-2.html]
[hypixel.net/members/xeon11.3596891/index.html]
[forumassets.hypixel.net/data/avatars/s/4292/42927250490.jpg]
[hypixel.net/threads/my-island-is-closed-why-is-the-social-still-escalating.5116415/#post-36727157]
[forumassets.hypixel.net/data/avatars/s/3222/3222530a583.jpg]
[hypixel.net/threads/my-island-is-closed-why-is-the-social-still-escalating.5116415/index.html]
[forumassets.hypixel.net/data/avatars/s/3039/303918782bc.jpg]
[hypixel.net/members/tobisdk.3222530/index.html]
[hypixel.net/threads/when-will-the-brewing-stand-be-able-to-be-used-on-the-private-island.5117341/-/index.rss]
[hypixel.net/threads/when-will-the-brewing-stand-be-able-to-be-used-on-the-private-island.5117341/index.html]
[hypixel.net/members/exoduses.5175169/index.html]
[forumassets.hypixel.net/data/avatars/o/3528/3528668e7db.jpg]
[forumassets.hypixel.net/data/avatars/l/3528/3528668e7db.jpg]
[hypixel.net/members/iamalphq.5006390/index.html]
[hypixel.net/members/mlg_digital.3528668/ratings8486.html]
[hypixel.net/members/mlg_digital.3528668/latest-activity.html]
[hypixel.net/members/mlg_digital.3528668/recent-content.html]
[hypixel.net/members/mlg_digital.3528668/-/index.rss]
[hypixel.net/members/mlg_digital.3528668/index.html]
[hypixel.net/posts/36735325/index.html]
[hypixel.net/css6f7f.css]
[forumassets.hypixel.net/data/avatars/m/4796/4796023d7f1.jpg]
[hypixel.net/player/ThatSandGuy.html]
[hypixel.net/guild/Formation.html]
[hypixel.net/threads/best-talisman-power-for-melee-damage.5117340/#post-36735317]
[hypixel.net/player/J22334455P.html]
[hypixel.net/members/1234567890-qwertyuop.5888983/index.html]
[forumassets.hypixel.net/data/avatars/s/5452/54522396f2d.jpg]
[forumassets.hypixel.net/data/avatars/s/3286/32868020c18.jpg]
[forumassets.hypixel.net/data/avatars/s/4304/430424431fb.jpg]
[hypixel.net/members/notsarthak.5452239/index.html]
[forumassets.hypixel.net/data/avatars/s/5443/544340001e1.jpg]
[hypixel.net/threads/every-why-does-my-juju-post-ever.5117105/index.html]
[forumassets.hypixel.net/data/avatars/s/2883/28838587c9f.jpg]
[hypixel.net/members/rapidbestjujureforge.3286802/index.html]
[forumassets.hypixel.net/data/avatars/s/3431/3431220bf90.jpg]
[forumassets.hypixel.net/data/avatars/s/4226/4226882a578.jpg]
[forumassets.hypixel.net/data/avatars/s/5051/50515363773.jpg]
[hypixel.net/threads/why-shadow-fury-is-better-than-livid-dagger.5115347/page-2.html]
[hypixel.net/threads/best-talis-power-poll.5103291/index.html]
[hypixel.net/threads/why-shadow-fury-is-better-than-livid-dagger.5115347/page-4.html]
[hypixel.net/threads/best-talisman-power-for-melee-damage.5117340/-/index.rss]
[hypixel.net/threads/best-talisman-power-for-melee-damage.5117340/index.html]
[hypixel.net/members/sandguy.4796023/page-2.html]
[hypixel.net/members/ahmadting.5051536/index.html]
[hypixel.net/threads/why-shadow-fury-is-better-than-livid-dagger.5115347/index.html]
[forumassets.hypixel.net/data/avatars/o/4796/4796023d7f1.jpg]
[forumassets.hypixel.net/data/avatars/l/4796/4796023d7f1.jpg]
[hypixel.net/search/10830778/index.html]
[hypixel.net/members/sandguy.4796023/trophies.html]
[hypixel.net/members/sandguy.4796023/latest-activity.html]
[hypixel.net/members/sandguy.4796023/about.html]
[forumassets.hypixel.net/data/avatars/m/5941/5941487595f.jpg]
[forumassets.hypixel.net/data/avatars/l/5941/5941487595f.jpg]
[hypixel.net/profile-posts/1760700/load-previous5629.html]
[forumassets.hypixel.net/data/avatars/s/5356/5356871eeab.jpg]
[hypixel.net/profile-posts/comments/2533203/reactions829c.html]
[forumassets.hypixel.net/data/avatars/s/5941/5941487595f.jpg]
[forumassets.hypixel.net/data/avatars/s/4796/4796023d7f1.jpg]
[hypixel.net/profile-posts/comments/2533386/reactions829c.html]
[forumassets.hypixel.net/data/avatars/s/5851/58515606063.jpg]
[hypixel.net/members/laylaypumps.5941487/index.html]
[forumassets.hypixel.net/data/avatars/m/3359/33591678363.jpg]
[forumassets.hypixel.net/data/avatars/l/3359/33591678363.jpg]
[hypixel.net/profile-posts/1757252/load-previous0ea7.html]
[forumassets.hypixel.net/data/avatars/s/5722/57222670fad.jpg]
[hypixel.net/profile-posts/comments/2532329/reactions74ff.html]
[forumassets.hypixel.net/data/avatars/m/5841/58410347614.jpg]
[forumassets.hypixel.net/data/avatars/l/5841/58410347614.jpg]
[hypixel.net/profile-posts/1756472/load-previous5dbf.html]
[forumassets.hypixel.net/data/avatars/s/5841/58410347614.jpg]
[hypixel.net/profile-posts/comments/2520408/reactions25d0.html]
[hypixel.net/profile-posts/comments/2520415/reactionsff03.html]
[forumassets.hypixel.net/data/avatars/m/5099/50991156970.jpg]
[forumassets.hypixel.net/data/avatars/l/5099/50991156970.jpg]
[hypixel.net/members/maymaypumps.5851560/index.html]
[hypixel.net/profile-posts/1756158/load-previousd2ad.html]
[forumassets.hypixel.net/data/avatars/s/5326/5326660b8aa.jpg]
[hypixel.net/profile-posts/comments/2519401/reactions9973.html]
[forumassets.hypixel.net/data/avatars/s/5099/50991156970.jpg]
[forumassets.hypixel.net/data/avatars/m/4453/4453704b2a5.jpg]
[forumassets.hypixel.net/data/avatars/l/4453/4453704b2a5.jpg]
[hypixel.net/profile-posts/1754432/reactionsff03.html]
[hypixel.net/profile-posts/comments/2514565/reactionsff03.html]
[forumassets.hypixel.net/data/avatars/m/4683/46834011d26.jpg]
[forumassets.hypixel.net/data/avatars/l/4683/46834011d26.jpg]
[hypixel.net/profile-posts/1752534/reactions74ff.html]
[forumassets.hypixel.net/data/avatars/s/4683/46834011d26.jpg]
[forumassets.hypixel.net/data/avatars/m/5722/57222670fad.jpg]
[forumassets.hypixel.net/data/avatars/l/5722/57222670fad.jpg]
[hypixel.net/profile-posts/1752530/reactions9973]
[hypixel.net/members/sandguy.4796023/index.html]
[hypixel.net/posts/36735317/index.html]
[hypixel.net/threads/which-should-i-change-my-pfp-to.5117339/index.html]
[hypixel.net/members/reyreypumps.5720476/index.html]
[hypixel.net/posts/36735313/index.html]
[hypixel.net/threads/noooooooooo.5117338/index.html]
[hypixel.net/members/notimetoexplain.4359459/index.html]
[hypixel.net/posts/36735311/index.html]
[hypixel.net/threads/how-do-i-do-about-100k-damage-outside-of-dungeons.5117337/index.html]
[hypixel.net/members/malukakun.6108478/index.html]
[hypixel.net/posts/36735310/index.html]
[hypixel.net/threads/how-to-be-good-at-game.5117335/index.html]
[hypixel.net/members/burme.4539799/index.html]
[hypixel.net/posts/36735300/index.html]
[hypixel.net/threads/why-are-people-even-allowed-to-sell-gemstones-to-the-npc-controversial.5117333/index.html]
[hypixel.net/members/hyperionbetterthanastraea.4979593/index.html]
[hypixel.net/posts/36735280/index.html]
[hypixel.net/threads/suggestions.5117330/index.html]
[hypixel.net/members/cubeyisdabest.6100372/index.html]
[hypixel.net/posts/36735268/index.html]
[hypixel.net/rules/index.html]
[hypixel.net/jobs/index.html]
[hypixel.net/-/index.html]
[hypixel.net/account/dismiss-notice.html]
[hypixel.net/help/cookies.html]
[hypixel.net/indexfdb0.html]
[hypixel.net/index2679.html]
[hypixel.net/threads/skyblock-patch-0-14-shens-auctions-the-hex-rng-meter-and-more.5074247/index.html]
[hypixel.net/members/jayavarmen.30478/index.html]
[hypixel.net/members/brandonjja.1793253/index.html]
[hypixel.net/threads/hypixel-tournaments-mini-walls.5037905/index.html]
[hypixel.net/threads/hypixel-tournaments-bed-wars-4v4v4v4.1875811/index.html]
[hypixel.net/threads/new-ptl-game-dropper.5021136/index.html]
[hypixel.net/threads/admin-game-jam.4654650/index.html]
[hypixel.net/threads/vampirez-update-balances-bug-fixes-and-more.5003802/index.html]
[hypixel.net/forums/server-bug-reports.35/index.html]
[hypixel.net/members/nitroholic_.60135/index.html]
[hypixel.net/threads/bug-fixes-june-2022.4995586/index.html]
[hypixel.net/threads/4991452/index.html]
[hypixel.net/members/orangemarshall.21118/index.html]
[hypixel.net/css3868.css]
[hypixel.net/whats-new/latest-activity.html]
[hypixel.net/lost-password/index.html]
[hypixel.net/cssc47a.css]
[hypixel.net/cssd3c5.css]
[hypixel.net/bedwars.html]
[hypixel.net/skywars/index.html]
[hypixel.net/murder-mystery/index.html]
[hypixel.net/arcade-games.html]
[img.youtube.com/vi/RgtALX4stYI/default.jpg]
[hypixel.net/uhc-champions.html]
[hypixel.net/arena-brawl/index.html]
[hypixel.net/build-battle.html]
[hypixel.net/cops-and-crims.html]
[hypixel.net/duels.html]
[hypixel.net/megawalls.html]
[hypixel.net/paintball-warfare.html]
[hypixel.net/quakecraft/index.html]
[hypixel.net/blitz-survivalgames.html]
[img.youtube.com/vi/ZHGPutsvO8s/default.jpg]
[hypixel.net/smash-heroes/index.html]
[hypixel.net/tnt-games.html]
[hypixel.net/turbo-kart-racers.html]
[hypixel.net/vampirez/index.html]
[hypixel.net/walls.html]
[hypixel.net/warlords/index.html]
[hypixel.net/css7db5.css]
[hypixel.net/bedwars/leaderboard.html]
[hypixel.net/skywars/leaderboard.html]
[hypixel.net/murder-mystery/leaderboard.html]
[hypixel.net/arcade-games/leaderboard.html]
[hypixel.net/uhc-champions/leaderboard.html]
[hypixel.net/arena-brawl/leaderboard.html]
[hypixel.net/build-battle/leaderboard.html]
[hypixel.net/cops-and-crims/leaderboard.html]
[hypixel.net/duels/leaderboard.html]
[hypixel.net/megawalls/leaderboard.html]
[hypixel.net/paintball-warfare/leaderboard.html]
[hypixel.net/quakecraft/leaderboard.html]
[hypixel.net/blitz-survivalgames/leaderboard.html]
[hypixel.net/smash-heroes/leaderboard.html]
[hypixel.net/tnt-games/leaderboard/wizard.html]
[hypixel.net/tnt-games/leaderboard/tntrun.html]
[hypixel.net/tnt-games/leaderboard/pvprun.html]
[hypixel.net/tnt-games/leaderboard/bowspleef.html]
[hypixel.net/tnt-games/leaderboard/tnttag.html]
[hypixel.net/turbo-kart-racers/leaderboard.html]
[hypixel.net/vampirez/leaderboard.html]
[hypixel.net/walls/leaderboard.html]
[hypixel.net/warlords/leaderboard.html]
[hypixel.net/css5aac.css]
[hypixel.net/forums/news-and-announcements.4/index.html]
[hypixel.net/members/krit1214.3876529/index.html]
[hypixel.net/threads/update-mandatory-microsoft-account-migration.4805155/page-31#post-36731731.html]
[hypixel.net/forums/moderation-information-and-changes.164/index.html]
[hypixel.net/members/teddy.126499/index.html]
[hypixel.net/threads/forum-moderation-insights-and-updates.4294289/#post-36734312.html]
[hypixel.net/forums/punishment-appeals.36/index.html]
[hypixel.net/forums/forum-punishment-appeal.226/index.html]
[hypixel.net/forums/skyblock-bug-reports.159/index.html]
[hypixel.net/link-forums/report-rule-breakers.192/index.html]
[hypixel.net/categories/skyblock.194/index.html]
[hypixel.net/skyblock-bugs.html]
[hypixel.net/forums/skyblock-patch-notes.158/index.html]
[hypixel.net/link-forums/bug-reports.160/index.html]
[hypixel.net/forums/skyblock-general-discussion.157/index.html]
[hypixel.net/skyblock-alpha/index.html]
[hypixel.net/link-forums/bug-reports.213/index.html]
[hypixel.net/forums/skyblock-suggestions-and-feedback.195/index.html]
[hypixel.net/forums/skyblock-community-help.196/index.html]
[hypixel.net/forums/skyblock-guilds.197/index.html]
[hypixel.net/forums/guides-and-strategies.162/index.html]
[hypixel.net/forums/creative-corner.193/index.html]
[hypixel.net/forums/island-showcase.161/index.html]
[hypixel.net/forums/skyblock-off-topic.198/index.html]
[hypixel.net/members/maxorbest.5627745/index.html]
[hypixel.net/threads/official-weapons-tierlist.5116853/post-36735379.html]
[hypixel.net/smp/index.html]
[hypixel.net/link-forums/hypixel-smp-closed-beta.208/index.html]
[hypixel.net/link-forums/smp-suggestions.209/index.html]
[hypixel.net/members/technoarmor.5065982/index.html]
[hypixel.net/threads/countries-smp-reborn-1-19-2-active-and-with-custom-items-megathread.5032061/page-23#post-36735101.html]
[hypixel.net/forums/wool-wars/index.html]
[hypixel.net/members/proglipglipgrr.5901076/index.html]
[hypixel.net/threads/idea-wool-wars-modes.5087229/post-36735127.html]
[hypixel.net/bed-wars/index.html]
[hypixel.net/search-forums/bed-wars-suggestions.202/index.html]
[hypixel.net/members/curryting.5085234/index.html]
[hypixel.net/threads/how-to-be-good-at-game.5117335/#post-36735363.html]
[hypixel.net/link-forums/skywars-suggestions.167/index.html]
[hypixel.net/members/pho3n1x_.5992307/index.html]
[hypixel.net/threads/24-star.5110951/#post-36735198.html]
[hypixel.net/link-forums/murder-mystery-suggestions.168/index.html]
[hypixel.net/members/zeytrixx.1535593/index.html]
[hypixel.net/threads/player-count-in-assassins.5116144/#post-36732530.html]
[hypixel.net/housing/index.html]
[hypixel.net/link-forums/housing-suggestions.169/index.html]
[hypixel.net/members/leog_2010.3945356/index.html]
[hypixel.net/threads/l-h.5115578/#post-36735354.html]
[hypixel.net/build-battle/index.html]
[hypixel.net/link-forums/build-battle-suggestions.170/index.html]
[hypixel.net/members/whyjusty.5355036/index.html]
[hypixel.net/threads/technoblade-never-dies.5052018/page-2#post-36734985.html]
[hypixel.net/arcade/index.html]
[hypixel.net/link-forums/arcade-games-suggestions.188/index.html]
[hypixel.net/forums/game-capture-the-wool.155/index.html]
[hypixel.net/members/rocminebuilder.5416081/index.html]
[hypixel.net/threads/where-find-zombies-community.5101171/post-36730604.html]
[hypixel.net/prototype/index.html]
[hypixel.net/link-forums/report-ptl-bugs-here.134/index.html]
[hypixel.net/dropper/index.html]
[hypixel.net/link-forums/prototype-games-suggestions.171/index.html]
[hypixel.net/categories/archived-forums.128/index.html]
[hypixel.net/forums/ptl-bug-reports.127/index.html]
[hypixel.net/forums/game-murder-mystery.135/index.html]
[hypixel.net/forums/archived-patch-notes.136/index.html]
[hypixel.net/forums/wool-wars-ptl/index.html]
[hypixel.net/forums/game-invaders.220/index.html]
[hypixel.net/forums/pixel-party/index.html]
[hypixel.net/forums/game-towerwars.156/index.html]
[hypixel.net/forums/game-king-of-the-hill.154/index.html]
[hypixel.net/forums/game-the-bridge.153/index.html]
[hypixel.net/forums/game-uhc-deathmatch.123/index.html]
[hypixel.net/forums/archived-patch-notes.129/index.html]
[hypixel.net/forums/game-duels.125/index.html]
[hypixel.net/forums/archived-patch-notes.132/index.html]
[hypixel.net/forums/game-battle-royale.149/index.html]
[hypixel.net/forums/game-hypixel-bedwars.124/index.html]
[hypixel.net/forums/archived-patch-notes.131/index.html]
[hypixel.net/forums/game-hide-and-seek.145/index.html]
[hypixel.net/forums/archived-patch-notes.146/index.html]
[hypixel.net/forums/game-hypixel-zombies.140/index.html]
[hypixel.net/forums/archived-patch-notes.141/index.html]
[hypixel.net/forums/game-survival-dash.126/index.html]
[hypixel.net/forums/archived-patch-notes.133/index.html]
[hypixel.net/members/somerand0mnerd.5988941/index.html]
[hypixel.net/threads/suggestion-difficulty-modes.5116747/#post-36730008.html]
[hypixel.net/tnt-games/index.html]
[hypixel.net/link-forums/tnt-games-suggestions.172/index.html]
[hypixel.net/members/forumsnoob.6060273/index.html]
[hypixel.net/threads/bad-anti-cheat-and-hackers.5100524/page-2#post-36727599.html]
[hypixel.net/the-pit/index.html]
[hypixel.net/link-forums/the-pit-suggestions.174/index.html]
[hypixel.net/members/catg.5743408/index.html]
[hypixel.net/threads/do-they-care-about-this-game-at-all.5116432/post-36735308.html]
[hypixel.net/uhc/index.html]
[hypixel.net/link-forums/uhc-champions-suggestions.175/index.html]
[hypixel.net/speed-uhc/index.html]
[hypixel.net/link-forums/speed-uhc-suggestions.187/index.html]
[hypixel.net/members/wudze.1934208/index.html]
[hypixel.net/threads/what-do-we-need-to-keep-this-game-alive.5117167/#post-36735362.html]
[hypixel.net/classic-lobby/index.html]
[hypixel.net/the-walls/index.html]
[hypixel.net/link-forums/the-walls-suggestions.176/index.html]
[hypixel.net/link-forums/quakecraft-suggestions.177/index.html]
[hypixel.net/link-forums/vampirez-suggestions.178/index.html]
[hypixel.net/paintball/index.html]
[hypixel.net/link-forums/paintball-suggestions.179/index.html]
[hypixel.net/link-forums/arena-brawl-suggestions.180/index.html]
[hypixel.net/tkr/index.html]
[hypixel.net/link-forums/turbo-kart-racers-suggestions.181/index.html]
[hypixel.net/members/dhuragin.2940277/index.html]
[hypixel.net/threads/ded-game.5112226/post-36734896.html]
[hypixel.net/mega-walls/index.html]
[hypixel.net/link-forums/mega-walls-suggestions.182/index.html]
[hypixel.net/members/60ld6uy.1838380/index.html]
[hypixel.net/threads/wtf-happened-to-mw.5116702/#post-36734773.html]
[hypixel.net/blitz-sg/index.html]
[hypixel.net/link-forums/blitz-sg-suggestions.183/index.html]
[hypixel.net/members/spidyyyy.320707/index.html]
[hypixel.net/threads/what-do-you-do-as-an-early-game-blitz-player.5114328/#post-36733390.html]
[hypixel.net/cvc/index.html]
[hypixel.net/link-forums/cops-and-crims-suggestions.184/index.html]
[hypixel.net/members/tisfortiger.3309916/index.html]
[hypixel.net/threads/the-true-best-tier-list.5112435/#post-36722292.html]
[hypixel.net/link-forums/smash-heroes-suggestions.185/index.html]
[hypixel.net/threads/how-would-you-unbalance-the-roster.5106041/post-36734920.html]
[hypixel.net/link-forums/warlords-suggestions.186/index.html]
[hypixel.net/members/hamments.3400881/index.html]
[hypixel.net/threads/warlords-discord.5116334/post-36733938.html]
[hypixel.net/duels/index.html]
[hypixel.net/link-forums/duels-suggestions.173/index.html]
[hypixel.net/members/its_complicated.6040945/index.html]
[hypixel.net/threads/getting-a-winstreak.5116039/#post-36735355.html]
[hypixel.net/forums/official-hypixel-minecraft-server/index.html]
[hypixel.net/link-forums/guide-allowed-modifications.228/index.html]
[hypixel.net/members/lopen.738655/index.html]
[hypixel.net/threads/updated-19-july-all-forum-ratings-leaderboard-received-and-given.4320669/post-36735370.html]
[hypixel.net/forums/community-help-forum.5/index.html]
[hypixel.net/members/kokacat.2374326/index.html]
[hypixel.net/threads/how-to-donate-in-russia.5117087/page-2#post-36735352.html]
[hypixel.net/forums/ideas-and-feedback.38/index.html]
[hypixel.net/members/chopin.758680/index.html]
[hypixel.net/threads/small-gamerule-idea.5115834/post-36735243.html]
[hypixel.net/forums/guilds.59/index.html]
[hypixel.net/members/civilsystem.3871153/index.html]
[hypixel.net/threads/-moon-moon-night--friendlycommunity-low-reqs-14-discord-all-games-casual-guild-.4766619/page-27#post-36734533.html]
[hypixel.net/forums/off-topic.2/index.html]
[hypixel.net/forums/forum-games.143/index.html]
[hypixel.net/members/venusaur.3528331/index.html]
[hypixel.net/threads/what-makes-us-human.5116962/page-3#post-36735374.html]
[hypixel.net/forums/introduce-yourself.20/index.html]
[hypixel.net/members/osmanlisultan.6140749/index.html]
[hypixel.net/threads/introducing-yourself-guide.3385902/post-36734671.html]
[hypixel.net/forums/hypixel-events.64/index.html]
[hypixel.net/members/gost_evil.1914318/index.html]
[hypixel.net/threads/hypemc-guild-september-event-calendar.5099779/#post-36725237.html]
[hypixel.net/forums/community-creations.191/index.html]
[hypixel.net/forums/art-gallery.85/index.html]
[hypixel.net/forums/builders-lounge.84/index.html]
[hypixel.net/forums/redstone-room.28/index.html]
[hypixel.net/forums/custom-maps-showcase.16/index.html]
